"../../../Engine/Content/EditorResources/S_Actor.ubulk" 0
"../../../Engine/Content/EditorResources/S_Actor.uasset" 1
"../../../Engine/Content/EditorResources/S_Actor.uexp" 2
"../../../Engine/Content/EditorResources/S_BoxReflectionCapture.uasset" 3
"../../../Engine/Content/EditorResources/S_BoxReflectionCapture.uexp" 4
"../../../Engine/Content/EngineResources/DefaultTextureCube.uasset" 5
"../../../Engine/Content/EngineResources/DefaultTextureCube.uexp" 6
"../../../Engine/Content/EngineResources/DefaultVolumeTexture2D.uasset" 7
"../../../Engine/Content/EngineResources/DefaultVolumeTexture2D.uexp" 8
"../../../Engine/Content/EngineResources/DefaultVolumeTexture.uasset" 9
"../../../Engine/Content/EngineResources/DefaultVolumeTexture.uexp" 10
"../../../Engine/Content/EditorResources/S_Trigger.ubulk" 11
"../../../Engine/Content/EditorResources/S_Trigger.uasset" 12
"../../../Engine/Content/EditorResources/S_Trigger.uexp" 13
"../../../Engine/Content/EditorResources/S_TriggerBox.uasset" 14
"../../../Engine/Content/EditorResources/S_TriggerBox.uexp" 15
"../../../Engine/Content/EditorResources/S_TriggerCapsule.uasset" 16
"../../../Engine/Content/EditorResources/S_TriggerCapsule.uexp" 17
"../../../Engine/Content/EditorResources/S_TriggerSphere.uasset" 18
"../../../Engine/Content/EditorResources/S_TriggerSphere.uexp" 19
"../../../Engine/Content/EngineMeshes/Sphere.ubulk" 20
"../../../Engine/Content/EngineMeshes/Sphere.uasset" 21
"../../../Engine/Content/EngineMeshes/Sphere.uexp" 22
"../../../Engine/Content/EngineResources/GradientTexture0.uasset" 23
"../../../Engine/Content/EngineResources/GradientTexture0.uexp" 24
"../../../Engine/Content/EngineResources/Black.uasset" 25
"../../../Engine/Content/EngineResources/Black.uexp" 26
"../../../Engine/Content/VREditor/LaserPointer/VR_LaserPower_01.ubulk" 27
"../../../Engine/Content/VREditor/LaserPointer/VR_LaserPower_01.uasset" 28
"../../../Engine/Content/VREditor/LaserPointer/VR_LaserPower_01.uexp" 29
"../../../Engine/Content/VREditor/TransformGizmo/TransformGizmoMaterial.uasset" 30
"../../../Engine/Content/VREditor/TransformGizmo/TransformGizmoMaterial.uexp" 31
"../../../Engine/Content/VREditor/TransformGizmo/TranslucentTransformGizmoMaterial.uasset" 32
"../../../Engine/Content/VREditor/TransformGizmo/TranslucentTransformGizmoMaterial.uexp" 33
"../../../Engine/Content/VREditor/TransformGizmo/BoundingBoxCorner.ubulk" 34
"../../../Engine/Content/VREditor/TransformGizmo/BoundingBoxCorner.uasset" 35
"../../../Engine/Content/VREditor/TransformGizmo/BoundingBoxCorner.uexp" 36
"../../../Engine/Content/VREditor/TransformGizmo/BoundingBoxEdge.ubulk" 37
"../../../Engine/Content/VREditor/TransformGizmo/BoundingBoxEdge.uasset" 38
"../../../Engine/Content/VREditor/TransformGizmo/BoundingBoxEdge.uexp" 39
"../../../Engine/Content/VREditor/TransformGizmo/Main.uasset" 40
"../../../Engine/Content/VREditor/TransformGizmo/Main.uexp" 41
"../../../Engine/Content/VREditor/TransformGizmo/Xray.uasset" 42
"../../../Engine/Content/VREditor/TransformGizmo/Xray.uexp" 43
"../../../Engine/Content/VREditor/TransformGizmo/SM_Sequencer_Node.ubulk" 44
"../../../Engine/Content/VREditor/TransformGizmo/SM_Sequencer_Node.uasset" 45
"../../../Engine/Content/VREditor/TransformGizmo/SM_Sequencer_Node.uexp" 46
"../../../Engine/Content/EditorResources/S_Solver.ubulk" 47
"../../../Engine/Content/EditorResources/S_Solver.uasset" 48
"../../../Engine/Content/EditorResources/S_Solver.uexp" 49
"../../../Engine/Content/EditorMaterials/Camera/CineMat.uasset" 50
"../../../Engine/Content/EditorMaterials/Camera/CineMat.uexp" 51
"../../../Engine/Content/EditorMaterials/Camera/MI_CineMat_Rig.uasset" 52
"../../../Engine/Content/EditorMaterials/Camera/MI_CineMat_Rig.uexp" 53
"../../../Engine/Content/EditorMeshes/Camera/SM_CraneRig_Base.ubulk" 54
"../../../Engine/Content/EditorMeshes/Camera/SM_CraneRig_Base.uasset" 55
"../../../Engine/Content/EditorMeshes/Camera/SM_CraneRig_Base.uexp" 56
"../../../Engine/Content/EditorMeshes/Camera/SM_CraneRig_Arm.ubulk" 57
"../../../Engine/Content/EditorMeshes/Camera/SM_CraneRig_Arm.uasset" 58
"../../../Engine/Content/EditorMeshes/Camera/SM_CraneRig_Arm.uexp" 59
"../../../Engine/Content/EditorMeshes/Camera/SM_CraneRig_Mount.ubulk" 60
"../../../Engine/Content/EditorMeshes/Camera/SM_CraneRig_Mount.uasset" 61
"../../../Engine/Content/EditorMeshes/Camera/SM_CraneRig_Mount.uexp" 62
"../../../Engine/Content/EditorMeshes/Camera/SM_CraneRig_Body.ubulk" 63
"../../../Engine/Content/EditorMeshes/Camera/SM_CraneRig_Body.uasset" 64
"../../../Engine/Content/EditorMeshes/Camera/SM_CraneRig_Body.uexp" 65
"../../../Engine/Content/EditorMeshes/Camera/SM_RailRig_Track.ubulk" 66
"../../../Engine/Content/EditorMeshes/Camera/SM_RailRig_Track.uasset" 67
"../../../Engine/Content/EditorMeshes/Camera/SM_RailRig_Track.uexp" 68
"../../../Engine/Content/EditorMeshes/Camera/SM_RailRig_Mount.ubulk" 69
"../../../Engine/Content/EditorMeshes/Camera/SM_RailRig_Mount.uasset" 70
"../../../Engine/Content/EditorMeshes/Camera/SM_RailRig_Mount.uexp" 71
"../../../Engine/Content/EngineMaterials/T_Default_Material_Grid_M.ubulk" 72
"../../../Engine/Content/EngineMaterials/T_Default_Material_Grid_M.uasset" 73
"../../../Engine/Content/EngineMaterials/T_Default_Material_Grid_M.uexp" 74
"../../../Engine/Content/EngineMaterials/T_Default_Material_Grid_N.ubulk" 75
"../../../Engine/Content/EngineMaterials/T_Default_Material_Grid_N.uasset" 76
"../../../Engine/Content/EngineMaterials/T_Default_Material_Grid_N.uexp" 77
"../../../Engine/Content/Functions/Engine_MaterialFunctions01/Opacity/CameraDepthFade.uasset" 78
"../../../Engine/Content/Functions/Engine_MaterialFunctions01/Opacity/CameraDepthFade.uexp" 79
"../../../Engine/Content/EngineMaterials/WorldGridMaterial.uasset" 80
"../../../Engine/Content/EngineMaterials/WorldGridMaterial.uexp" 81
"../../../Engine/Content/ArtTools/RenderToTexture/Meshes/S_1_Unit_Plane.ubulk" 82
"../../../Engine/Content/ArtTools/RenderToTexture/Meshes/S_1_Unit_Plane.uasset" 83
"../../../Engine/Content/ArtTools/RenderToTexture/Meshes/S_1_Unit_Plane.uexp" 84
"../../../Engine/Content/EditorMaterials/ParticleSystems/PSysThumbnail_NoImage.ubulk" 85
"../../../Engine/Content/EditorMaterials/ParticleSystems/PSysThumbnail_NoImage.uasset" 86
"../../../Engine/Content/EditorMaterials/ParticleSystems/PSysThumbnail_NoImage.uexp" 87
"../../../Engine/Content/EditorMaterials/ParticleSystems/PSysThumbnail_OOD.ubulk" 88
"../../../Engine/Content/EditorMaterials/ParticleSystems/PSysThumbnail_OOD.uasset" 89
"../../../Engine/Content/EditorMaterials/ParticleSystems/PSysThumbnail_OOD.uexp" 90
"../../../Engine/Content/EditorLandscapeResources/SplineEditorMeshMat.uasset" 91
"../../../Engine/Content/EditorLandscapeResources/SplineEditorMeshMat.uexp" 92
"../../../Engine/Content/EditorLandscapeResources/SplineEditorMesh.ubulk" 93
"../../../Engine/Content/EditorLandscapeResources/SplineEditorMesh.uasset" 94
"../../../Engine/Content/EditorLandscapeResources/SplineEditorMesh.uexp" 95
"../../../Engine/Plugins/Media/MediaPlate/Content/SM_MediaPlateScreen.ubulk" 96
"../../../Engine/Plugins/Media/MediaPlate/Content/SM_MediaPlateScreen.uasset" 97
"../../../Engine/Plugins/Media/MediaPlate/Content/SM_MediaPlateScreen.uexp" 98
"../../../Engine/Content/EngineMaterials/DefaultBokeh.uasset" 99
"../../../Engine/Content/EngineMaterials/DefaultBokeh.uexp" 100
"../../../Engine/Content/EngineMaterials/MiniFont.uasset" 101
"../../../Engine/Content/EngineMaterials/MiniFont.uexp" 102
"../../../Engine/Content/EngineMaterials/WeightMapPlaceholderTexture.uasset" 103
"../../../Engine/Content/EngineMaterials/WeightMapPlaceholderTexture.uexp" 104
"../../../Engine/Content/EngineMaterials/WeightMapArrayPlaceholderTexture.uasset" 105
"../../../Engine/Content/EngineMaterials/WeightMapArrayPlaceholderTexture.uexp" 106
"../../../Engine/Content/EngineMaterials/DefaultWhiteGrid.ubulk" 107
"../../../Engine/Content/EngineMaterials/DefaultWhiteGrid.uasset" 108
"../../../Engine/Content/EngineMaterials/DefaultWhiteGrid.uexp" 109
"../../../Engine/Content/EngineMaterials/PreintegratedSkinBRDF.uasset" 110
"../../../Engine/Content/EngineMaterials/PreintegratedSkinBRDF.uexp" 111
"../../../Engine/Content/Functions/Engine_MaterialFunctions02/WorldPositionOffset/CameraOffset.uasset" 112
"../../../Engine/Content/Functions/Engine_MaterialFunctions02/WorldPositionOffset/CameraOffset.uexp" 113
"../../../Engine/Plugins/Animation/ControlRig/Content/M_Manip.uasset" 114
"../../../Engine/Plugins/Animation/ControlRig/Content/M_Manip.uexp" 115
"../../../Engine/Plugins/Animation/ACLPlugin/Content/ACLAnimCurveCompressionSettings.uasset" 116
"../../../Engine/Plugins/Animation/ACLPlugin/Content/ACLAnimCurveCompressionSettings.uexp" 117
"../../../Engine/Plugins/Animation/ACLPlugin/Content/ACLAnimBoneCompressionSettings.uasset" 118
"../../../Engine/Plugins/Animation/ACLPlugin/Content/ACLAnimBoneCompressionSettings.uexp" 119
"../../../Engine/Plugins/2D/Paper2D/Content/PlaceholderTextures/DummySpriteTexture.ubulk" 120
"../../../Engine/Plugins/2D/Paper2D/Content/PlaceholderTextures/DummySpriteTexture.uasset" 121
"../../../Engine/Plugins/2D/Paper2D/Content/PlaceholderTextures/DummySpriteTexture.uexp" 122
"../../../Engine/Plugins/2D/Paper2D/Content/DefaultSpriteMaterial.uasset" 123
"../../../Engine/Plugins/2D/Paper2D/Content/DefaultSpriteMaterial.uexp" 124
"../../../Engine/Plugins/2D/Paper2D/Content/OpaqueUnlitSpriteMaterial.uasset" 125
"../../../Engine/Plugins/2D/Paper2D/Content/OpaqueUnlitSpriteMaterial.uexp" 126
"../../../Engine/Plugins/2D/Paper2D/Content/MaskedUnlitSpriteMaterial.uasset" 127
"../../../Engine/Plugins/2D/Paper2D/Content/MaskedUnlitSpriteMaterial.uexp" 128
"../../../Engine/Plugins/2D/Paper2D/Content/DummySprite.uasset" 129
"../../../Engine/Plugins/2D/Paper2D/Content/DummySprite.uexp" 130
"../../../Engine/Plugins/2D/Paper2D/Content/DefaultPaperTerrainMaterial.uasset" 131
"../../../Engine/Plugins/2D/Paper2D/Content/DefaultPaperTerrainMaterial.uexp" 132
"C:/Users/lukes/Documents/GitHub/TerrariumTesting/Content/Prototyping/Meshes/SM_Terrarium_W_River.ubulk" 133
"C:/Users/lukes/Documents/GitHub/TerrariumTesting/Content/Prototyping/Meshes/SM_Terrarium_W_River.uasset" 134
"C:/Users/lukes/Documents/GitHub/TerrariumTesting/Content/Prototyping/Meshes/SM_Terrarium_W_River.uexp" 135
"C:/Users/lukes/Documents/GitHub/TerrariumTesting/Content/TerrariumActor.uasset" 136
"C:/Users/lukes/Documents/GitHub/TerrariumTesting/Content/TerrariumActor.uexp" 137
"C:/Users/lukes/Documents/GitHub/TerrariumTesting/Content/Prototyping/Blueprints/Interfaces/BPI_Interactable.uasset" 138
"C:/Users/lukes/Documents/GitHub/TerrariumTesting/Content/Prototyping/Blueprints/Interfaces/BPI_Interactable.uexp" 139
"C:/Users/lukes/Documents/GitHub/TerrariumTesting/Content/TerrariumCharacter.uasset" 140
"C:/Users/lukes/Documents/GitHub/TerrariumTesting/Content/TerrariumCharacter.uexp" 141
"C:/Users/lukes/Documents/GitHub/TerrariumTesting/Content/GM_Terrarium.uasset" 142
"C:/Users/lukes/Documents/GitHub/TerrariumTesting/Content/GM_Terrarium.uexp" 143
"../../../Engine/Plugins/Runtime/MeshModelingToolset/Content/Materials/M_DynamicMeshComponentVtxColor.uasset" 144
"../../../Engine/Plugins/Runtime/MeshModelingToolset/Content/Materials/M_DynamicMeshComponentVtxColor.uexp" 145
"../../../Engine/Content/Functions/Engine_MaterialFunctions02/Utility/CameraDirectionVector.uasset" 146
"../../../Engine/Content/Functions/Engine_MaterialFunctions02/Utility/CameraDirectionVector.uexp" 147
"../../../Engine/Content/Functions/Engine_MaterialFunctions01/Volumetrics/BeersLaw.uasset" 148
"../../../Engine/Content/Functions/Engine_MaterialFunctions01/Volumetrics/BeersLaw.uexp" 149
"../../../Engine/Content/EngineMaterials/Good64x64TilingNoiseHighFreq.uasset" 150
"../../../Engine/Content/EngineMaterials/Good64x64TilingNoiseHighFreq.uexp" 151
"../../../Engine/Content/Functions/Engine_MaterialFunctions02/Texturing/ScreenAlignedPixelToPixelUVs.uasset" 152
"../../../Engine/Content/Functions/Engine_MaterialFunctions02/Texturing/ScreenAlignedPixelToPixelUVs.uexp" 153
"../../../Engine/Content/Functions/Engine_MaterialFunctions02/Utility/BreakOutFloat3Components.uasset" 154
"../../../Engine/Content/Functions/Engine_MaterialFunctions02/Utility/BreakOutFloat3Components.uexp" 155
"../../../Engine/Content/Functions/Engine_MaterialFunctions03/Math/RemapValueRange.uasset" 156
"../../../Engine/Content/Functions/Engine_MaterialFunctions03/Math/RemapValueRange.uexp" 157
"../../../Engine/Plugins/Editor/SpeedTreeImporter/Content/SpeedTree9/game_wind_noise.ubulk" 158
"../../../Engine/Plugins/Editor/SpeedTreeImporter/Content/SpeedTree9/game_wind_noise.uasset" 159
"../../../Engine/Plugins/Editor/SpeedTreeImporter/Content/SpeedTree9/game_wind_noise.uexp" 160
"../../../Engine/Plugins/Editor/SpeedTreeImporter/Content/SpeedTree9/UnpackDirection.uasset" 161
"../../../Engine/Plugins/Editor/SpeedTreeImporter/Content/SpeedTree9/UnpackDirection.uexp" 162
"../../../Engine/Content/Functions/Engine_MaterialFunctions02/ObjectLocalBounds.uasset" 163
"../../../Engine/Content/Functions/Engine_MaterialFunctions02/ObjectLocalBounds.uexp" 164
"../../../Engine/Content/Functions/Engine_MaterialFunctions02/UVs/BoundingBoxBased_0-1_UVW.uasset" 165
"../../../Engine/Content/Functions/Engine_MaterialFunctions02/UVs/BoundingBoxBased_0-1_UVW.uexp" 166
"../../../Engine/Content/Functions/Engine_MaterialFunctions02/Utility/VectorLength.uasset" 167
"../../../Engine/Content/Functions/Engine_MaterialFunctions02/Utility/VectorLength.uexp" 168
"../../../Engine/Plugins/Editor/SpeedTreeImporter/Content/SpeedTree9/UnpackInteger3.uasset" 169
"../../../Engine/Plugins/Editor/SpeedTreeImporter/Content/SpeedTree9/UnpackInteger3.uexp" 170
"../../../Engine/Plugins/Editor/SpeedTreeImporter/Content/SpeedTree9/SpeedTreeCameraFacing.uasset" 171
"../../../Engine/Plugins/Editor/SpeedTreeImporter/Content/SpeedTree9/SpeedTreeCameraFacing.uexp" 172
"../../../Engine/Content/Functions/Engine_MaterialFunctions02/WorldPositionOffset/ObjectScale.uasset" 173
"../../../Engine/Content/Functions/Engine_MaterialFunctions02/WorldPositionOffset/ObjectScale.uexp" 174
"../../../Engine/Content/Functions/Engine_MaterialFunctions02/SafeNormalize.uasset" 175
"../../../Engine/Content/Functions/Engine_MaterialFunctions02/SafeNormalize.uexp" 176
"../../../Engine/Plugins/Editor/SpeedTreeImporter/Content/SpeedTree9/SpeedTreeWindMotion.uasset" 177
"../../../Engine/Plugins/Editor/SpeedTreeImporter/Content/SpeedTree9/SpeedTreeWindMotion.uexp" 178
"../../../Engine/Plugins/Editor/SpeedTreeImporter/Content/SpeedTree9/SpeedTreeBranchMotion.uasset" 179
"../../../Engine/Plugins/Editor/SpeedTreeImporter/Content/SpeedTree9/SpeedTreeBranchMotion.uexp" 180
"../../../Engine/Plugins/Editor/SpeedTreeImporter/Content/SpeedTree9/SpeedTreeWind.uasset" 181
"../../../Engine/Plugins/Editor/SpeedTreeImporter/Content/SpeedTree9/SpeedTreeWind.uexp" 182
"../../../Engine/Plugins/Editor/SpeedTreeImporter/Content/SpeedTree9/EmptyNormal.uasset" 183
"../../../Engine/Plugins/Editor/SpeedTreeImporter/Content/SpeedTree9/EmptyNormal.uexp" 184
"../../../Engine/Plugins/Editor/SpeedTreeImporter/Content/SpeedTree9/Empty.uasset" 185
"../../../Engine/Plugins/Editor/SpeedTreeImporter/Content/SpeedTree9/Empty.uexp" 186
"../../../Engine/Plugins/Editor/SpeedTreeImporter/Content/SpeedTree9/SpeedTreeMaster.uasset" 187
"../../../Engine/Plugins/Editor/SpeedTreeImporter/Content/SpeedTree9/SpeedTreeMaster.uexp" 188
"../../../Engine/Plugins/Editor/SpeedTreeImporter/Content/SpeedTree9/SpeedTreeBillboard.uasset" 189
"../../../Engine/Plugins/Editor/SpeedTreeImporter/Content/SpeedTree9/SpeedTreeBillboard.uexp" 190
"../../../Engine/Plugins/Editor/SpeedTreeImporter/Content/SpeedTree9/SpeedTreeBillboardMaster.uasset" 191
"../../../Engine/Plugins/Editor/SpeedTreeImporter/Content/SpeedTree9/SpeedTreeBillboardMaster.uexp" 192
"../../../Engine/Plugins/Animation/ControlRig/Content/Controls/DefaultGizmoLibraryNormalized.uasset" 193
"../../../Engine/Plugins/Animation/ControlRig/Content/Controls/DefaultGizmoLibraryNormalized.uexp" 194
"../../../Engine/Plugins/Animation/ControlRig/Content/Controls/ControlRig_Wedge_solid.ubulk" 195
"../../../Engine/Plugins/Animation/ControlRig/Content/Controls/ControlRig_Wedge_solid.uasset" 196
"../../../Engine/Plugins/Animation/ControlRig/Content/Controls/ControlRig_Wedge_solid.uexp" 197
"../../../Engine/Plugins/Animation/ControlRig/Content/Controls/ControlRig_Wedge_3mm.ubulk" 198
"../../../Engine/Plugins/Animation/ControlRig/Content/Controls/ControlRig_Wedge_3mm.uasset" 199
"../../../Engine/Plugins/Animation/ControlRig/Content/Controls/ControlRig_Wedge_3mm.uexp" 200
"../../../Engine/Plugins/Animation/ControlRig/Content/Controls/ControlRig_Wedge_1mm.ubulk" 201
"../../../Engine/Plugins/Animation/ControlRig/Content/Controls/ControlRig_Wedge_1mm.uasset" 202
"../../../Engine/Plugins/Animation/ControlRig/Content/Controls/ControlRig_Wedge_1mm.uexp" 203
"../../../Engine/Plugins/Animation/ControlRig/Content/Controls/ControlRig_Triangle_solid.ubulk" 204
"../../../Engine/Plugins/Animation/ControlRig/Content/Controls/ControlRig_Triangle_solid.uasset" 205
"../../../Engine/Plugins/Animation/ControlRig/Content/Controls/ControlRig_Triangle_solid.uexp" 206
"../../../Engine/Plugins/Animation/ControlRig/Content/Controls/ControlRig_Triangle_3mm.ubulk" 207
"../../../Engine/Plugins/Animation/ControlRig/Content/Controls/ControlRig_Triangle_3mm.uasset" 208
"../../../Engine/Plugins/Animation/ControlRig/Content/Controls/ControlRig_Triangle_3mm.uexp" 209
"../../../Engine/Plugins/Animation/ControlRig/Content/Controls/ControlRig_Triangle_1mm.ubulk" 210
"../../../Engine/Plugins/Animation/ControlRig/Content/Controls/ControlRig_Triangle_1mm.uasset" 211
"../../../Engine/Plugins/Animation/ControlRig/Content/Controls/ControlRig_Triangle_1mm.uexp" 212
"../../../Engine/Plugins/Animation/ControlRig/Content/Controls/ControlRig_Star4_solid.ubulk" 213
"../../../Engine/Plugins/Animation/ControlRig/Content/Controls/ControlRig_Star4_solid.uasset" 214
"../../../Engine/Plugins/Animation/ControlRig/Content/Controls/ControlRig_Star4_solid.uexp" 215
"../../../Engine/Plugins/Animation/ControlRig/Content/Controls/ControlRig_Star4_3mm.ubulk" 216
"../../../Engine/Plugins/Animation/ControlRig/Content/Controls/ControlRig_Star4_3mm.uasset" 217
"../../../Engine/Plugins/Animation/ControlRig/Content/Controls/ControlRig_Star4_3mm.uexp" 218
"../../../Engine/Plugins/Animation/ControlRig/Content/Controls/ControlRig_Star4_1mm.ubulk" 219
"../../../Engine/Plugins/Animation/ControlRig/Content/Controls/ControlRig_Star4_1mm.uasset" 220
"../../../Engine/Plugins/Animation/ControlRig/Content/Controls/ControlRig_Star4_1mm.uexp" 221
"../../../Engine/Plugins/Animation/ControlRig/Content/Controls/ControlRig_Square_solid.ubulk" 222
"../../../Engine/Plugins/Animation/ControlRig/Content/Controls/ControlRig_Square_solid.uasset" 223
"../../../Engine/Plugins/Animation/ControlRig/Content/Controls/ControlRig_Square_solid.uexp" 224
"../../../Engine/Plugins/Animation/ControlRig/Content/Controls/ControlRig_Square_3mm.ubulk" 225
"../../../Engine/Plugins/Animation/ControlRig/Content/Controls/ControlRig_Square_3mm.uasset" 226
"../../../Engine/Plugins/Animation/ControlRig/Content/Controls/ControlRig_Square_3mm.uexp" 227
"../../../Engine/Plugins/Animation/ControlRig/Content/Controls/ControlRig_Square_1mm.ubulk" 228
"../../../Engine/Plugins/Animation/ControlRig/Content/Controls/ControlRig_Square_1mm.uasset" 229
"../../../Engine/Plugins/Animation/ControlRig/Content/Controls/ControlRig_Square_1mm.uexp" 230
"../../../Engine/Plugins/Animation/ControlRig/Content/Controls/ControlRig_Sphere_solid.ubulk" 231
"../../../Engine/Plugins/Animation/ControlRig/Content/Controls/ControlRig_Sphere_solid.uasset" 232
"../../../Engine/Plugins/Animation/ControlRig/Content/Controls/ControlRig_Sphere_solid.uexp" 233
"../../../Engine/Plugins/Animation/ControlRig/Content/Controls/ControlRig_Sphere_3mm.ubulk" 234
"../../../Engine/Plugins/Animation/ControlRig/Content/Controls/ControlRig_Sphere_3mm.uasset" 235
"../../../Engine/Plugins/Animation/ControlRig/Content/Controls/ControlRig_Sphere_3mm.uexp" 236
"../../../Engine/Plugins/Animation/ControlRig/Content/Controls/ControlRig_Sphere_1mm.ubulk" 237
"../../../Engine/Plugins/Animation/ControlRig/Content/Controls/ControlRig_Sphere_1mm.uasset" 238
"../../../Engine/Plugins/Animation/ControlRig/Content/Controls/ControlRig_Sphere_1mm.uexp" 239
"../../../Engine/Plugins/Animation/ControlRig/Content/Controls/ControlRig_RoundedTriangle_solid.ubulk" 240
"../../../Engine/Plugins/Animation/ControlRig/Content/Controls/ControlRig_RoundedTriangle_solid.uasset" 241
"../../../Engine/Plugins/Animation/ControlRig/Content/Controls/ControlRig_RoundedTriangle_solid.uexp" 242
"../../../Engine/Plugins/Animation/ControlRig/Content/Controls/ControlRig_RoundedTriangle_3mm.ubulk" 243
"../../../Engine/Plugins/Animation/ControlRig/Content/Controls/ControlRig_RoundedTriangle_3mm.uasset" 244
"../../../Engine/Plugins/Animation/ControlRig/Content/Controls/ControlRig_RoundedTriangle_3mm.uexp" 245
"../../../Engine/Plugins/Animation/ControlRig/Content/Controls/ControlRig_RoundedTriangle_1mm.ubulk" 246
"../../../Engine/Plugins/Animation/ControlRig/Content/Controls/ControlRig_RoundedTriangle_1mm.uasset" 247
"../../../Engine/Plugins/Animation/ControlRig/Content/Controls/ControlRig_RoundedTriangle_1mm.uexp" 248
"../../../Engine/Plugins/Animation/ControlRig/Content/Controls/ControlRig_RoundedSquare_solid.ubulk" 249
"../../../Engine/Plugins/Animation/ControlRig/Content/Controls/ControlRig_RoundedSquare_solid.uasset" 250
"../../../Engine/Plugins/Animation/ControlRig/Content/Controls/ControlRig_RoundedSquare_solid.uexp" 251
"../../../Engine/Plugins/Animation/ControlRig/Content/Controls/ControlRig_RoundedSquare_3mm.ubulk" 252
"../../../Engine/Plugins/Animation/ControlRig/Content/Controls/ControlRig_RoundedSquare_3mm.uasset" 253
"../../../Engine/Plugins/Animation/ControlRig/Content/Controls/ControlRig_RoundedSquare_3mm.uexp" 254
"../../../Engine/Plugins/Animation/ControlRig/Content/Controls/ControlRig_RoundedSquare_1mm.ubulk" 255
"../../../Engine/Plugins/Animation/ControlRig/Content/Controls/ControlRig_RoundedSquare_1mm.uasset" 256
"../../../Engine/Plugins/Animation/ControlRig/Content/Controls/ControlRig_RoundedSquare_1mm.uexp" 257
"../../../Engine/Plugins/Animation/ControlRig/Content/Controls/ControlRig_QuarterCircle_solid.ubulk" 258
"../../../Engine/Plugins/Animation/ControlRig/Content/Controls/ControlRig_QuarterCircle_solid.uasset" 259
"../../../Engine/Plugins/Animation/ControlRig/Content/Controls/ControlRig_QuarterCircle_solid.uexp" 260
"../../../Engine/Plugins/Animation/ControlRig/Content/Controls/ControlRig_QuarterCircle_3mm.ubulk" 261
"../../../Engine/Plugins/Animation/ControlRig/Content/Controls/ControlRig_QuarterCircle_3mm.uasset" 262
"../../../Engine/Plugins/Animation/ControlRig/Content/Controls/ControlRig_QuarterCircle_3mm.uexp" 263
"../../../Engine/Plugins/Animation/ControlRig/Content/Controls/ControlRig_QuarterCircle_1mm.ubulk" 264
"../../../Engine/Plugins/Animation/ControlRig/Content/Controls/ControlRig_QuarterCircle_1mm.uasset" 265
"../../../Engine/Plugins/Animation/ControlRig/Content/Controls/ControlRig_QuarterCircle_1mm.uexp" 266
"../../../Engine/Plugins/Animation/ControlRig/Content/Controls/ControlRig_Pyramid_solid.ubulk" 267
"../../../Engine/Plugins/Animation/ControlRig/Content/Controls/ControlRig_Pyramid_solid.uasset" 268
"../../../Engine/Plugins/Animation/ControlRig/Content/Controls/ControlRig_Pyramid_solid.uexp" 269
"../../../Engine/Plugins/Animation/ControlRig/Content/Controls/ControlRig_Pyramid_3mm.ubulk" 270
"../../../Engine/Plugins/Animation/ControlRig/Content/Controls/ControlRig_Pyramid_3mm.uasset" 271
"../../../Engine/Plugins/Animation/ControlRig/Content/Controls/ControlRig_Pyramid_3mm.uexp" 272
"../../../Engine/Plugins/Animation/ControlRig/Content/Controls/ControlRig_Pyramid_1mm.ubulk" 273
"../../../Engine/Plugins/Animation/ControlRig/Content/Controls/ControlRig_Pyramid_1mm.uasset" 274
"../../../Engine/Plugins/Animation/ControlRig/Content/Controls/ControlRig_Pyramid_1mm.uexp" 275
"../../../Engine/Plugins/Animation/ControlRig/Content/Controls/ControlRig_Octagon_solid.ubulk" 276
"../../../Engine/Plugins/Animation/ControlRig/Content/Controls/ControlRig_Octagon_solid.uasset" 277
"../../../Engine/Plugins/Animation/ControlRig/Content/Controls/ControlRig_Octagon_solid.uexp" 278
"../../../Engine/Plugins/Animation/ControlRig/Content/Controls/ControlRig_Octagon_3mm.ubulk" 279
"../../../Engine/Plugins/Animation/ControlRig/Content/Controls/ControlRig_Octagon_3mm.uasset" 280
"../../../Engine/Plugins/Animation/ControlRig/Content/Controls/ControlRig_Octagon_3mm.uexp" 281
"../../../Engine/Plugins/Animation/ControlRig/Content/Controls/ControlRig_Octagon_1mm.ubulk" 282
"../../../Engine/Plugins/Animation/ControlRig/Content/Controls/ControlRig_Octagon_1mm.uasset" 283
"../../../Engine/Plugins/Animation/ControlRig/Content/Controls/ControlRig_Octagon_1mm.uexp" 284
"../../../Engine/Plugins/Animation/ControlRig/Content/Controls/ControlRig_Hexagon_solid.ubulk" 285
"../../../Engine/Plugins/Animation/ControlRig/Content/Controls/ControlRig_Hexagon_solid.uasset" 286
"../../../Engine/Plugins/Animation/ControlRig/Content/Controls/ControlRig_Hexagon_solid.uexp" 287
"../../../Engine/Plugins/Animation/ControlRig/Content/Controls/ControlRig_Hexagon_3mm.ubulk" 288
"../../../Engine/Plugins/Animation/ControlRig/Content/Controls/ControlRig_Hexagon_3mm.uasset" 289
"../../../Engine/Plugins/Animation/ControlRig/Content/Controls/ControlRig_Hexagon_3mm.uexp" 290
"../../../Engine/Plugins/Animation/ControlRig/Content/Controls/ControlRig_Hexagon_1mm.ubulk" 291
"../../../Engine/Plugins/Animation/ControlRig/Content/Controls/ControlRig_Hexagon_1mm.uasset" 292
"../../../Engine/Plugins/Animation/ControlRig/Content/Controls/ControlRig_Hexagon_1mm.uexp" 293
"../../../Engine/Plugins/Animation/ControlRig/Content/Controls/ControlRig_HalfCircle_solid.ubulk" 294
"../../../Engine/Plugins/Animation/ControlRig/Content/Controls/ControlRig_HalfCircle_solid.uasset" 295
"../../../Engine/Plugins/Animation/ControlRig/Content/Controls/ControlRig_HalfCircle_solid.uexp" 296
"../../../Engine/Plugins/Animation/ControlRig/Content/Controls/ControlRig_HalfCircle_3mm.ubulk" 297
"../../../Engine/Plugins/Animation/ControlRig/Content/Controls/ControlRig_HalfCircle_3mm.uasset" 298
"../../../Engine/Plugins/Animation/ControlRig/Content/Controls/ControlRig_HalfCircle_3mm.uexp" 299
"../../../Engine/Plugins/Animation/ControlRig/Content/Controls/ControlRig_HalfCircle_1mm.ubulk" 300
"../../../Engine/Plugins/Animation/ControlRig/Content/Controls/ControlRig_HalfCircle_1mm.uasset" 301
"../../../Engine/Plugins/Animation/ControlRig/Content/Controls/ControlRig_HalfCircle_1mm.uexp" 302
"../../../Engine/Plugins/Animation/ControlRig/Content/Controls/ControlRig_Diamond_solid.ubulk" 303
"../../../Engine/Plugins/Animation/ControlRig/Content/Controls/ControlRig_Diamond_solid.uasset" 304
"../../../Engine/Plugins/Animation/ControlRig/Content/Controls/ControlRig_Diamond_solid.uexp" 305
"../../../Engine/Plugins/Animation/ControlRig/Content/Controls/ControlRig_Diamond_3mm.ubulk" 306
"../../../Engine/Plugins/Animation/ControlRig/Content/Controls/ControlRig_Diamond_3mm.uasset" 307
"../../../Engine/Plugins/Animation/ControlRig/Content/Controls/ControlRig_Diamond_3mm.uexp" 308
"../../../Engine/Plugins/Animation/ControlRig/Content/Controls/ControlRig_Diamond_1mm.ubulk" 309
"../../../Engine/Plugins/Animation/ControlRig/Content/Controls/ControlRig_Diamond_1mm.uasset" 310
"../../../Engine/Plugins/Animation/ControlRig/Content/Controls/ControlRig_Diamond_1mm.uexp" 311
"../../../Engine/Plugins/Animation/ControlRig/Content/Controls/ControlRig_Circle_solid.ubulk" 312
"../../../Engine/Plugins/Animation/ControlRig/Content/Controls/ControlRig_Circle_solid.uasset" 313
"../../../Engine/Plugins/Animation/ControlRig/Content/Controls/ControlRig_Circle_solid.uexp" 314
"../../../Engine/Plugins/Animation/ControlRig/Content/Controls/ControlRig_Circle_3mm.ubulk" 315
"../../../Engine/Plugins/Animation/ControlRig/Content/Controls/ControlRig_Circle_3mm.uasset" 316
"../../../Engine/Plugins/Animation/ControlRig/Content/Controls/ControlRig_Circle_3mm.uexp" 317
"../../../Engine/Plugins/Animation/ControlRig/Content/Controls/ControlRig_Circle_1mm.ubulk" 318
"../../../Engine/Plugins/Animation/ControlRig/Content/Controls/ControlRig_Circle_1mm.uasset" 319
"../../../Engine/Plugins/Animation/ControlRig/Content/Controls/ControlRig_Circle_1mm.uexp" 320
"../../../Engine/Plugins/Animation/ControlRig/Content/Controls/ControlRig_Box_solid.ubulk" 321
"../../../Engine/Plugins/Animation/ControlRig/Content/Controls/ControlRig_Box_solid.uasset" 322
"../../../Engine/Plugins/Animation/ControlRig/Content/Controls/ControlRig_Box_solid.uexp" 323
"../../../Engine/Plugins/Animation/ControlRig/Content/Controls/ControlRig_Box_3mm.ubulk" 324
"../../../Engine/Plugins/Animation/ControlRig/Content/Controls/ControlRig_Box_3mm.uasset" 325
"../../../Engine/Plugins/Animation/ControlRig/Content/Controls/ControlRig_Box_3mm.uexp" 326
"../../../Engine/Plugins/Animation/ControlRig/Content/Controls/ControlRig_Box_1mm.ubulk" 327
"../../../Engine/Plugins/Animation/ControlRig/Content/Controls/ControlRig_Box_1mm.uasset" 328
"../../../Engine/Plugins/Animation/ControlRig/Content/Controls/ControlRig_Box_1mm.uexp" 329
"../../../Engine/Plugins/Animation/ControlRig/Content/Controls/ControlRig_Arrow_solid.ubulk" 330
"../../../Engine/Plugins/Animation/ControlRig/Content/Controls/ControlRig_Arrow_solid.uasset" 331
"../../../Engine/Plugins/Animation/ControlRig/Content/Controls/ControlRig_Arrow_solid.uexp" 332
"../../../Engine/Plugins/Animation/ControlRig/Content/Controls/ControlRig_Arrow_3mm.ubulk" 333
"../../../Engine/Plugins/Animation/ControlRig/Content/Controls/ControlRig_Arrow_3mm.uasset" 334
"../../../Engine/Plugins/Animation/ControlRig/Content/Controls/ControlRig_Arrow_3mm.uexp" 335
"../../../Engine/Plugins/Animation/ControlRig/Content/Controls/ControlRig_Arrow_1mm.ubulk" 336
"../../../Engine/Plugins/Animation/ControlRig/Content/Controls/ControlRig_Arrow_1mm.uasset" 337
"../../../Engine/Plugins/Animation/ControlRig/Content/Controls/ControlRig_Arrow_1mm.uexp" 338
"../../../Engine/Plugins/Animation/ControlRig/Content/Controls/ControlRig_Arrow4_solid.ubulk" 339
"../../../Engine/Plugins/Animation/ControlRig/Content/Controls/ControlRig_Arrow4_solid.uasset" 340
"../../../Engine/Plugins/Animation/ControlRig/Content/Controls/ControlRig_Arrow4_solid.uexp" 341
"../../../Engine/Plugins/Animation/ControlRig/Content/Controls/ControlRig_Arrow4_3mm.ubulk" 342
"../../../Engine/Plugins/Animation/ControlRig/Content/Controls/ControlRig_Arrow4_3mm.uasset" 343
"../../../Engine/Plugins/Animation/ControlRig/Content/Controls/ControlRig_Arrow4_3mm.uexp" 344
"../../../Engine/Plugins/Animation/ControlRig/Content/Controls/ControlRig_Arrow4_1mm.ubulk" 345
"../../../Engine/Plugins/Animation/ControlRig/Content/Controls/ControlRig_Arrow4_1mm.uasset" 346
"../../../Engine/Plugins/Animation/ControlRig/Content/Controls/ControlRig_Arrow4_1mm.uexp" 347
"../../../Engine/Plugins/Animation/ControlRig/Content/Controls/ControlRig_Arrow2_solid.ubulk" 348
"../../../Engine/Plugins/Animation/ControlRig/Content/Controls/ControlRig_Arrow2_solid.uasset" 349
"../../../Engine/Plugins/Animation/ControlRig/Content/Controls/ControlRig_Arrow2_solid.uexp" 350
"../../../Engine/Plugins/Animation/ControlRig/Content/Controls/ControlRig_Arrow2_3mm.ubulk" 351
"../../../Engine/Plugins/Animation/ControlRig/Content/Controls/ControlRig_Arrow2_3mm.uasset" 352
"../../../Engine/Plugins/Animation/ControlRig/Content/Controls/ControlRig_Arrow2_3mm.uexp" 353
"../../../Engine/Plugins/Animation/ControlRig/Content/Controls/ControlRig_Arrow2_1mm.ubulk" 354
"../../../Engine/Plugins/Animation/ControlRig/Content/Controls/ControlRig_Arrow2_1mm.uasset" 355
"../../../Engine/Plugins/Animation/ControlRig/Content/Controls/ControlRig_Arrow2_1mm.uexp" 356
"../../../Engine/Plugins/Animation/ControlRig/Content/Controls/ControlRigXRayMaterial.uasset" 357
"../../../Engine/Plugins/Animation/ControlRig/Content/Controls/ControlRigXRayMaterial.uexp" 358
"../../../Engine/Plugins/Animation/ControlRig/Content/Controls/ControlRigGizmoMaterial.uasset" 359
"../../../Engine/Plugins/Animation/ControlRig/Content/Controls/ControlRigGizmoMaterial.uexp" 360
"../../../Engine/Content/VREditor/TransformGizmo/StartRotationHandleIndicator.ubulk" 361
"../../../Engine/Content/VREditor/TransformGizmo/StartRotationHandleIndicator.uasset" 362
"../../../Engine/Content/VREditor/TransformGizmo/StartRotationHandleIndicator.uexp" 363
"../../../Engine/Content/VREditor/Sounds/UI/Drop_Item_From_ContentBrowser.ubulk" 364
"../../../Engine/Content/VREditor/Sounds/UI/Drop_Item_From_ContentBrowser.uasset" 365
"../../../Engine/Content/VREditor/Sounds/UI/Drop_Item_From_ContentBrowser.uexp" 366
"../../../Engine/Content/VREditor/TransformGizmo/PlaneTranslationHandle.ubulk" 367
"../../../Engine/Content/VREditor/TransformGizmo/PlaneTranslationHandle.uasset" 368
"../../../Engine/Content/VREditor/TransformGizmo/PlaneTranslationHandle.uexp" 369
"../../../Engine/Content/VREditor/Sounds/UI/Object_Snaps_To_Grid.ubulk" 370
"../../../Engine/Content/VREditor/Sounds/UI/Object_Snaps_To_Grid.uasset" 371
"../../../Engine/Content/VREditor/Sounds/UI/Object_Snaps_To_Grid.uexp" 372
"../../../Engine/Content/VREditor/Sounds/UI/Selection_Changes.ubulk" 373
"../../../Engine/Content/VREditor/Sounds/UI/Selection_Changes.uasset" 374
"../../../Engine/Content/VREditor/Sounds/UI/Selection_Changes.uexp" 375
"../../../Engine/Content/VREditor/Sounds/UI/Object_Snaps_To_Another_Actor.ubulk" 376
"../../../Engine/Content/VREditor/Sounds/UI/Object_Snaps_To_Another_Actor.uasset" 377
"../../../Engine/Content/VREditor/Sounds/UI/Object_Snaps_To_Another_Actor.uexp" 378
"../../../Engine/Content/VREditor/TransformGizmo/TranslucentTransformGizmoMaterial_Inst.uasset" 379
"../../../Engine/Content/VREditor/TransformGizmo/TranslucentTransformGizmoMaterial_Inst.uexp" 380
"../../../Engine/Content/VREditor/TransformGizmo/TransformGizmoFreeRotation.ubulk" 381
"../../../Engine/Content/VREditor/TransformGizmo/TransformGizmoFreeRotation.uasset" 382
"../../../Engine/Content/VREditor/TransformGizmo/TransformGizmoFreeRotation.uexp" 383
"../../../Engine/Content/VREditor/Sounds/UI/Scaling_Down.ubulk" 384
"../../../Engine/Content/VREditor/Sounds/UI/Scaling_Down.uasset" 385
"../../../Engine/Content/VREditor/Sounds/UI/Scaling_Down.uexp" 386
"../../../Engine/Content/Functions/Engine_MaterialFunctions02/Math/Transform3x3Matrix.uasset" 387
"../../../Engine/Content/Functions/Engine_MaterialFunctions02/Math/Transform3x3Matrix.uexp" 388
"../../../Engine/Content/Functions/Engine_MaterialFunctions02/SplitComponents.uasset" 389
"../../../Engine/Content/Functions/Engine_MaterialFunctions02/SplitComponents.uexp" 390
"../../../Engine/Content/Functions/Engine_MaterialFunctions02/Utility/MakeFloat3.uasset" 391
"../../../Engine/Content/Functions/Engine_MaterialFunctions02/Utility/MakeFloat3.uexp" 392
"../../../Engine/Content/VREditor/SnapGrid/SnapGridMaterial.uasset" 393
"../../../Engine/Content/VREditor/SnapGrid/SnapGridMaterial.uexp" 394
"../../../Engine/Content/VREditor/SnapGrid/SnapGridPlaneMesh.ubulk" 395
"../../../Engine/Content/VREditor/SnapGrid/SnapGridPlaneMesh.uasset" 396
"../../../Engine/Content/VREditor/SnapGrid/SnapGridPlaneMesh.uexp" 397
"../../../Engine/Content/VREditor/Sounds/UI/Scaling_Up.ubulk" 398
"../../../Engine/Content/VREditor/Sounds/UI/Scaling_Up.uasset" 399
"../../../Engine/Content/VREditor/Sounds/UI/Scaling_Up.uexp" 400
"../../../Engine/Content/VREditor/TransformGizmo/TransformGizmoMaterial_Inst.uasset" 401
"../../../Engine/Content/VREditor/TransformGizmo/TransformGizmoMaterial_Inst.uexp" 402
"../../../Engine/Content/VREditor/Sounds/UI/Gizmo_Handle_Clicked.ubulk" 403
"../../../Engine/Content/VREditor/Sounds/UI/Gizmo_Handle_Clicked.uasset" 404
"../../../Engine/Content/VREditor/Sounds/UI/Gizmo_Handle_Clicked.uexp" 405
"../../../Engine/Content/VREditor/TransformGizmo/RotationHandleQuarter.ubulk" 406
"../../../Engine/Content/VREditor/TransformGizmo/RotationHandleQuarter.uasset" 407
"../../../Engine/Content/VREditor/TransformGizmo/RotationHandleQuarter.uexp" 408
"../../../Engine/Content/VREditor/TransformGizmo/TranslateArrowHandle.ubulk" 409
"../../../Engine/Content/VREditor/TransformGizmo/TranslateArrowHandle.uasset" 410
"../../../Engine/Content/VREditor/TransformGizmo/TranslateArrowHandle.uexp" 411
"../../../Engine/Content/VREditor/TransformGizmo/RotationHandleIndicator.ubulk" 412
"../../../Engine/Content/VREditor/TransformGizmo/RotationHandleIndicator.uasset" 413
"../../../Engine/Content/VREditor/TransformGizmo/RotationHandleIndicator.uexp" 414
"../../../Engine/Content/VREditor/TransformGizmo/UniformScaleHandle.ubulk" 415
"../../../Engine/Content/VREditor/TransformGizmo/UniformScaleHandle.uasset" 416
"../../../Engine/Content/VREditor/TransformGizmo/UniformScaleHandle.uexp" 417
"../../../Engine/Content/VREditor/TransformGizmo/RotationHandleFull.ubulk" 418
"../../../Engine/Content/VREditor/TransformGizmo/RotationHandleFull.uasset" 419
"../../../Engine/Content/VREditor/TransformGizmo/RotationHandleFull.uexp" 420
"../../../Engine/Content/VREditor/Sounds/UI/Object_PickUp.ubulk" 421
"../../../Engine/Content/VREditor/Sounds/UI/Object_PickUp.uasset" 422
"../../../Engine/Content/VREditor/Sounds/UI/Object_PickUp.uexp" 423
"../../../Engine/Content/EngineSounds/Master.uasset" 424
"../../../Engine/Content/EngineSounds/Master.uexp" 425
"../../../Engine/Content/EngineResources/WhiteSquareTexture.uasset" 426
"../../../Engine/Content/EngineResources/WhiteSquareTexture.uexp" 427
"../../../Engine/Content/EngineMaterials/Widget3DPassThrough.uasset" 428
"../../../Engine/Content/EngineMaterials/Widget3DPassThrough.uexp" 429
"../../../Engine/Content/EngineMaterials/Widget3DPassThrough_Translucent.uasset" 430
"../../../Engine/Content/EngineMaterials/Widget3DPassThrough_Translucent.uexp" 431
"../../../Engine/Content/EngineMaterials/Widget3DPassThrough_Translucent_OneSided.uasset" 432
"../../../Engine/Content/EngineMaterials/Widget3DPassThrough_Translucent_OneSided.uexp" 433
"../../../Engine/Content/EngineMaterials/Widget3DPassThrough_Opaque.uasset" 434
"../../../Engine/Content/EngineMaterials/Widget3DPassThrough_Opaque.uexp" 435
"../../../Engine/Content/EngineMaterials/Widget3DPassThrough_Opaque_OneSided.uasset" 436
"../../../Engine/Content/EngineMaterials/Widget3DPassThrough_Opaque_OneSided.uexp" 437
"../../../Engine/Content/EngineMaterials/Widget3DPassThrough_Masked_OneSided.uasset" 438
"../../../Engine/Content/EngineMaterials/Widget3DPassThrough_Masked_OneSided.uexp" 439
"../../../Engine/Content/EngineMaterials/Widget3DPassThrough_Masked.uasset" 440
"../../../Engine/Content/EngineMaterials/Widget3DPassThrough_Masked.uexp" 441
"../../../Engine/Content/EngineMaterials/STBlueNoise_vec2_128x128x64.uasset" 442
"../../../Engine/Content/EngineMaterials/STBlueNoise_vec2_128x128x64.uexp" 443
"../../../Engine/Content/EngineMaterials/STBlueNoise_scalar_128x128x64.uasset" 444
"../../../Engine/Content/EngineMaterials/STBlueNoise_scalar_128x128x64.uexp" 445
"../../../Engine/Content/EngineMaterials/RemoveSurfaceMaterial.uasset" 446
"../../../Engine/Content/EngineMaterials/RemoveSurfaceMaterial.uexp" 447
"../../../Engine/Content/EngineMaterials/DefaultCalibrationGrayscale.uasset" 448
"../../../Engine/Content/EngineMaterials/DefaultCalibrationGrayscale.uexp" 449
"../../../Engine/Content/EngineMaterials/PPM_DefaultCalibrationGrayscale.uasset" 450
"../../../Engine/Content/EngineMaterials/PPM_DefaultCalibrationGrayscale.uexp" 451
"../../../Engine/Content/EngineMaterials/DefaultCalibrationColor.uasset" 452
"../../../Engine/Content/EngineMaterials/DefaultCalibrationColor.uexp" 453
"../../../Engine/Content/EngineMaterials/PPM_DefaultCalibrationColor.uasset" 454
"../../../Engine/Content/EngineMaterials/PPM_DefaultCalibrationColor.uexp" 455
"../../../Engine/Content/EngineMaterials/PhAT_JointLimitMaterial.uasset" 456
"../../../Engine/Content/EngineMaterials/PhAT_JointLimitMaterial.uexp" 457
"../../../Engine/Content/EngineMaterials/NaniteHiddenSectionMaterial.uasset" 458
"../../../Engine/Content/EngineMaterials/NaniteHiddenSectionMaterial.uexp" 459
"../../../Engine/Content/EngineMaterials/InvalidLightmapSettings.ubulk" 460
"../../../Engine/Content/EngineMaterials/InvalidLightmapSettings.uasset" 461
"../../../Engine/Content/EngineMaterials/InvalidLightmapSettings.uexp" 462
"../../../Engine/Content/EngineMaterials/M_InvalidLightmapSettings.uasset" 463
"../../../Engine/Content/EngineMaterials/M_InvalidLightmapSettings.uexp" 464
"../../../Engine/Content/EngineMaterials/GizmoMaterial.uasset" 465
"../../../Engine/Content/EngineMaterials/GizmoMaterial.uexp" 466
"../../../Engine/Content/EngineMaterials/BaseFlattenEmissiveMap_VT.uasset" 467
"../../../Engine/Content/EngineMaterials/BaseFlattenEmissiveMap_VT.uexp" 468
"../../../Engine/Content/EngineMaterials/BaseFlattenGrayscaleMap_VT.uasset" 469
"../../../Engine/Content/EngineMaterials/BaseFlattenGrayscaleMap_VT.uexp" 470
"../../../Engine/Content/EngineMaterials/BaseFlattenLinearColor_VT.uasset" 471
"../../../Engine/Content/EngineMaterials/BaseFlattenLinearColor_VT.uexp" 472
"../../../Engine/Content/EngineMaterials/Black_1x1_EXR_Texture_VT.uasset" 473
"../../../Engine/Content/EngineMaterials/Black_1x1_EXR_Texture_VT.uexp" 474
"../../../Engine/Content/EngineMaterials/BaseFlattenDiffuseMap_VT.uasset" 475
"../../../Engine/Content/EngineMaterials/BaseFlattenDiffuseMap_VT.uexp" 476
"../../../Engine/Content/EngineMaterials/BaseFlattenNormalMap_VT.uasset" 477
"../../../Engine/Content/EngineMaterials/BaseFlattenNormalMap_VT.uexp" 478
"../../../Engine/Content/EngineMaterials/FlattenMaterial_VT.uasset" 479
"../../../Engine/Content/EngineMaterials/FlattenMaterial_VT.uexp" 480
"../../../Engine/Content/EngineMaterials/BaseFlattenNormalMap.uasset" 481
"../../../Engine/Content/EngineMaterials/BaseFlattenNormalMap.uexp" 482
"../../../Engine/Content/EngineMaterials/BaseFlattenGrayscaleMap.uasset" 483
"../../../Engine/Content/EngineMaterials/BaseFlattenGrayscaleMap.uexp" 484
"../../../Engine/Content/EngineMaterials/BaseFlattenDiffuseMap.uasset" 485
"../../../Engine/Content/EngineMaterials/BaseFlattenDiffuseMap.uexp" 486
"../../../Engine/Content/Functions/Engine_MaterialFunctions02/PivotPainter2/Black_1x1_EXR_Texture.uasset" 487
"../../../Engine/Content/Functions/Engine_MaterialFunctions02/PivotPainter2/Black_1x1_EXR_Texture.uexp" 488
"../../../Engine/Content/EngineMaterials/BaseFlattenEmissiveMap.uasset" 489
"../../../Engine/Content/EngineMaterials/BaseFlattenEmissiveMap.uexp" 490
"../../../Engine/Content/EngineMaterials/BaseFlattenLinearColor.uasset" 491
"../../../Engine/Content/EngineMaterials/BaseFlattenLinearColor.uexp" 492
"../../../Engine/Content/EngineMaterials/FlattenMaterial.uasset" 493
"../../../Engine/Content/EngineMaterials/FlattenMaterial.uexp" 494
"../../../Engine/Content/EngineMaterials/DefaultWhiteGrid_Low.uasset" 495
"../../../Engine/Content/EngineMaterials/DefaultWhiteGrid_Low.uexp" 496
"../../../Engine/Content/EngineMaterials/EmissiveMeshMaterial.uasset" 497
"../../../Engine/Content/EngineMaterials/EmissiveMeshMaterial.uexp" 498
"../../../Engine/Content/EngineFonts/RobotoDistanceField.uasset" 499
"../../../Engine/Content/EngineFonts/RobotoDistanceField.uexp" 500
"../../../Engine/Content/EngineMaterials/DefaultTextMaterialOpaque.uasset" 501
"../../../Engine/Content/EngineMaterials/DefaultTextMaterialOpaque.uexp" 502
"../../../Engine/Content/EngineMaterials/DefaultDiffuse.ubulk" 503
"../../../Engine/Content/EngineMaterials/DefaultDiffuse.uasset" 504
"../../../Engine/Content/EngineMaterials/DefaultDiffuse.uexp" 505
"../../../Engine/Content/Functions/Engine_MaterialFunctions02/Utility/BreakOutFloat2Components.uasset" 506
"../../../Engine/Content/Functions/Engine_MaterialFunctions02/Utility/BreakOutFloat2Components.uexp" 507
"../../../Engine/Content/EngineMaterials/DefaultPostProcessMaterial.uasset" 508
"../../../Engine/Content/EngineMaterials/DefaultPostProcessMaterial.uexp" 509
"../../../Engine/Content/EngineMaterials/DefaultLightFunctionMaterial.uasset" 510
"../../../Engine/Content/EngineMaterials/DefaultLightFunctionMaterial.uexp" 511
"../../../Engine/Content/EngineMaterials/DefaultDestructiblePhysicalMaterial.uasset" 512
"../../../Engine/Content/EngineMaterials/DefaultDestructiblePhysicalMaterial.uexp" 513
"../../../Engine/Content/EngineMaterials/DefaultDeferredDecalMaterial.uasset" 514
"../../../Engine/Content/EngineMaterials/DefaultDeferredDecalMaterial.uexp" 515
"../../../Engine/Content/EngineMaterials/DefaultBloomKernel.uasset" 516
"../../../Engine/Content/EngineMaterials/DefaultBloomKernel.uexp" 517
"../../../Engine/Content/EngineFonts/Faces/RobotoLight.uexp" 518
"../../../Engine/Content/EngineFonts/Faces/RobotoLight.uasset" 519
"../../../Engine/Content/EngineFonts/Faces/RobotoLight.ufont" 520
"../../../Engine/Content/EngineFonts/Faces/RobotoBold.uexp" 521
"../../../Engine/Content/EngineFonts/Faces/RobotoBold.uasset" 522
"../../../Engine/Content/EngineFonts/Faces/RobotoBold.ufont" 523
"../../../Engine/Content/EngineFonts/Faces/RobotoRegular.uexp" 524
"../../../Engine/Content/EngineFonts/Faces/RobotoRegular.uasset" 525
"../../../Engine/Content/EngineFonts/Faces/RobotoRegular.ufont" 526
"../../../Engine/Content/EngineFonts/Faces/DroidSansFallback.uexp" 527
"../../../Engine/Content/EngineFonts/Faces/DroidSansFallback.uasset" 528
"../../../Engine/Content/EngineFonts/Faces/DroidSansFallback.ufont" 529
"../../../Engine/Content/EngineFonts/Faces/RobotoItalic.uexp" 530
"../../../Engine/Content/EngineFonts/Faces/RobotoItalic.uasset" 531
"../../../Engine/Content/EngineFonts/Faces/RobotoItalic.ufont" 532
"../../../Engine/Content/EngineFonts/Faces/RobotoBoldItalic.uexp" 533
"../../../Engine/Content/EngineFonts/Faces/RobotoBoldItalic.uasset" 534
"../../../Engine/Content/EngineFonts/Faces/RobotoBoldItalic.ufont" 535
"../../../Engine/Content/EngineFonts/Roboto.uasset" 536
"../../../Engine/Content/EngineFonts/Roboto.uexp" 537
"../../../Engine/Content/EngineDebugMaterials/VolumeToRender.uasset" 538
"../../../Engine/Content/EngineDebugMaterials/VolumeToRender.uexp" 539
"../../../Engine/Content/EngineDebugMaterials/M_VolumeRenderSphereTracePP.uasset" 540
"../../../Engine/Content/EngineDebugMaterials/M_VolumeRenderSphereTracePP.uexp" 541
"../../../Engine/Content/EngineDebugMaterials/M_SimpleUnlitTranslucent.uasset" 542
"../../../Engine/Content/EngineDebugMaterials/M_SimpleUnlitTranslucent.uexp" 543
"../../../Engine/Content/EngineDebugMaterials/DebugMeshMaterial.uasset" 544
"../../../Engine/Content/EngineDebugMaterials/DebugMeshMaterial.uexp" 545
"../../../Engine/Content/EngineDebugMaterials/DebugEditorMaterial.uasset" 546
"../../../Engine/Content/EngineDebugMaterials/DebugEditorMaterial.uexp" 547
"../../../Engine/Content/EngineDamageTypes/DmgTypeBP_Environmental.uasset" 548
"../../../Engine/Content/EngineDamageTypes/DmgTypeBP_Environmental.uexp" 549
"../../../Engine/Content/EditorResources/S_Terrain.ubulk" 550
"../../../Engine/Content/EditorResources/S_Terrain.uasset" 551
"../../../Engine/Content/EditorResources/S_Terrain.uexp" 552
"../../../Engine/Content/EditorResources/EmptyActor.uasset" 553
"../../../Engine/Content/EditorResources/EmptyActor.uexp" 554
"../../../Engine/Content/EditorResources/BSPVertex.uasset" 555
"../../../Engine/Content/EditorResources/BSPVertex.uexp" 556
"../../../Engine/Content/EditorMaterials/PreviewShadowIndicator.ubulk" 557
"../../../Engine/Content/EditorMaterials/PreviewShadowIndicator.uasset" 558
"../../../Engine/Content/EditorMaterials/PreviewShadowIndicator.uexp" 559
"../../../Engine/Content/EditorMaterials/PreviewShadowIndicatorMaterial.uasset" 560
"../../../Engine/Content/EditorMaterials/PreviewShadowIndicatorMaterial.uexp" 561
"../../../Engine/Content/EditorMaterials/PhAT_UnselectedMaterial.uasset" 562
"../../../Engine/Content/EditorMaterials/PhAT_UnselectedMaterial.uexp" 563
"../../../Engine/Content/EditorMaterials/PhAT_NoCollisionMaterial.uasset" 564
"../../../Engine/Content/EditorMaterials/PhAT_NoCollisionMaterial.uexp" 565
"../../../Engine/Content/EditorLandscapeResources/DefaultAlphaTexture.uasset" 566
"../../../Engine/Content/EditorLandscapeResources/DefaultAlphaTexture.uexp" 567
"../../../Engine/Content/EditorLandscapeResources/DataLayer.uasset" 568
"../../../Engine/Content/EditorLandscapeResources/DataLayer.uexp" 569
"../../../Engine/Content/EngineMaterials/DefaultMaterial.uasset" 570
"../../../Engine/Content/EngineMaterials/DefaultMaterial.uexp" 571
"../../../Engine/Content/BasicShapes/Sphere.ubulk" 572
"../../../Engine/Content/BasicShapes/Sphere.uasset" 573
"../../../Engine/Content/BasicShapes/Sphere.uexp" 574
"../../../Engine/Content/BasicShapes/Plane.ubulk" 575
"../../../Engine/Content/BasicShapes/Plane.uasset" 576
"../../../Engine/Content/BasicShapes/Plane.uexp" 577
"../../../Engine/Content/BasicShapes/Cylinder.ubulk" 578
"../../../Engine/Content/BasicShapes/Cylinder.uasset" 579
"../../../Engine/Content/BasicShapes/Cylinder.uexp" 580
"../../../Engine/Content/BasicShapes/Cone.ubulk" 581
"../../../Engine/Content/BasicShapes/Cone.uasset" 582
"../../../Engine/Content/BasicShapes/Cone.uexp" 583
"../../../Engine/Content/BasicShapes/BasicShapeMaterial.uasset" 584
"../../../Engine/Content/BasicShapes/BasicShapeMaterial.uexp" 585
"../../../Engine/Content/Animation/DefaultVariableFrameStrippingSettings.uasset" 586
"../../../Engine/Content/Animation/DefaultVariableFrameStrippingSettings.uexp" 587
"../../../Engine/Content/Animation/DefaultRecorderBoneCompression.uasset" 588
"../../../Engine/Content/Animation/DefaultRecorderBoneCompression.uexp" 589
"../../../Engine/Content/Functions/Engine_MaterialFunctions02/Math/AddComponents.uasset" 590
"../../../Engine/Content/Functions/Engine_MaterialFunctions02/Math/AddComponents.uexp" 591
"../../../Engine/Content/Functions/Engine_MaterialFunctions01/Texturing/FlattenNormal.uasset" 592
"../../../Engine/Content/Functions/Engine_MaterialFunctions01/Texturing/FlattenNormal.uexp" 593
"../../../Engine/Content/EngineSky/VolumetricClouds/CloudWeatherTexture.uasset" 594
"../../../Engine/Content/EngineSky/VolumetricClouds/CloudWeatherTexture.uexp" 595
"../../../Engine/Content/Functions/Engine_MaterialFunctions02/Utility/MakeFloat2.uasset" 596
"../../../Engine/Content/Functions/Engine_MaterialFunctions02/Utility/MakeFloat2.uexp" 597
"../../../Engine/Content/EngineSky/VolumetricClouds/CloudGradientTexture.uasset" 598
"../../../Engine/Content/EngineSky/VolumetricClouds/CloudGradientTexture.uexp" 599
"../../../Engine/Content/EngineSky/VolumetricClouds/T_NoiseShape64.ubulk" 600
"../../../Engine/Content/EngineSky/VolumetricClouds/T_NoiseShape64.uasset" 601
"../../../Engine/Content/EngineSky/VolumetricClouds/T_NoiseShape64.uexp" 602
"../../../Engine/Content/EngineSky/VolumetricClouds/T_VolumeNoiseShape64.uasset" 603
"../../../Engine/Content/EngineSky/VolumetricClouds/T_VolumeNoiseShape64.uexp" 604
"../../../Engine/Content/EngineSky/VolumetricClouds/T_NoiseErosion.ubulk" 605
"../../../Engine/Content/EngineSky/VolumetricClouds/T_NoiseErosion.uasset" 606
"../../../Engine/Content/EngineSky/VolumetricClouds/T_NoiseErosion.uexp" 607
"../../../Engine/Content/EngineSky/VolumetricClouds/T_VolumeNoiseErosion32.uasset" 608
"../../../Engine/Content/EngineSky/VolumetricClouds/T_VolumeNoiseErosion32.uexp" 609
"../../../Engine/Content/EngineSky/VolumetricClouds/m_SimpleVolumetricCloud.uasset" 610
"../../../Engine/Content/EngineSky/VolumetricClouds/m_SimpleVolumetricCloud.uexp" 611
"../../../Engine/Content/EngineSky/VolumetricClouds/m_SimpleVolumetricCloud_Inst.uasset" 612
"../../../Engine/Content/EngineSky/VolumetricClouds/m_SimpleVolumetricCloud_Inst.uexp" 613
"../../../Engine/Content/EngineResources/FilmGrains/Marcie_Grain_v3_128_M2_000.uasset" 614
"../../../Engine/Content/EngineResources/FilmGrains/Marcie_Grain_v3_128_M2_000.uexp" 615
"../../../Engine/Content/EditorResources/SequenceRecorder/RecordingIndicator.uasset" 616
"../../../Engine/Content/EditorResources/SequenceRecorder/RecordingIndicator.uexp" 617
"../../../Engine/Content/EditorResources/SequenceRecorder/Countdown.uasset" 618
"../../../Engine/Content/EditorResources/SequenceRecorder/Countdown.uexp" 619
"../../../Engine/Content/EditorMaterials/Dataflow/DataflowVertexMaterial.uasset" 620
"../../../Engine/Content/EditorMaterials/Dataflow/DataflowVertexMaterial.uexp" 621
"../../../Engine/Content/EngineMaterials/Substrate/Volume/SubstrateSimpleVolumeLUT3D.uasset" 622
"../../../Engine/Content/EngineMaterials/Substrate/Volume/SubstrateSimpleVolumeLUT3D.uexp" 623
"../../../Engine/Content/EngineMaterials/Substrate/Volume/SubstrateSimpleVolumeEnvLUT3D.uasset" 624
"../../../Engine/Content/EngineMaterials/Substrate/Volume/SubstrateSimpleVolumeEnvLUT3D.uexp" 625
"../../../Engine/Content/Functions/Engine_MaterialFunctions01/Shading/PowerToRoughness.uasset" 626
"../../../Engine/Content/Functions/Engine_MaterialFunctions01/Shading/PowerToRoughness.uexp" 627
"../../../Engine/Content/Functions/Engine_MaterialFunctions01/Shading/ConvertFromDiffSpec.uasset" 628
"../../../Engine/Content/Functions/Engine_MaterialFunctions01/Shading/ConvertFromDiffSpec.uexp" 629
"../../../Engine/Content/EngineMaterials/Substrate/GLints2/AGlintTex2dArray2.uasset" 630
"../../../Engine/Content/EngineMaterials/Substrate/GLints2/AGlintTex2dArray2.uexp" 631
"../../../Engine/Content/EngineMaterials/Substrate/GLints/AGlintTex2dArray.uasset" 632
"../../../Engine/Content/EngineMaterials/Substrate/GLints/AGlintTex2dArray.uexp" 633
"../../../Engine/Content/EngineMaterials/FlattenMaterial_WS_Normal_VT.uasset" 634
"../../../Engine/Content/EngineMaterials/FlattenMaterial_WS_Normal_VT.uexp" 635
"../../../Engine/Content/EngineMaterials/DefaultPhysicalMaterial.uasset" 636
"../../../Engine/Content/EngineMaterials/DefaultPhysicalMaterial.uexp" 637
"../../../Engine/Content/EngineMaterials/BlendFunc_DefBlend.uasset" 638
"../../../Engine/Content/EngineMaterials/BlendFunc_DefBlend.uexp" 639
"../../../Engine/Content/OpenWorldTemplate/LandscapeMaterial/T_GridChecker_A.ubulk" 640
"../../../Engine/Content/OpenWorldTemplate/LandscapeMaterial/T_GridChecker_A.uasset" 641
"../../../Engine/Content/OpenWorldTemplate/LandscapeMaterial/T_GridChecker_A.uexp" 642
"../../../Engine/Content/EngineMaterials/BlendFunc_DefBase.uasset" 643
"../../../Engine/Content/EngineMaterials/BlendFunc_DefBase.uexp" 644
"../../../Engine/Content/Functions/Engine_MaterialFunctions03/Blends/Blend_Overlay.uasset" 645
"../../../Engine/Content/Functions/Engine_MaterialFunctions03/Blends/Blend_Overlay.uexp" 646
"../../../Engine/Content/Functions/Engine_MaterialFunctions01/Gradient/LinearGradient.uasset" 647
"../../../Engine/Content/Functions/Engine_MaterialFunctions01/Gradient/LinearGradient.uexp" 648
"../../../Engine/Content/Functions/Engine_MaterialFunctions01/ImageAdjustment/CheapContrast.uasset" 649
"../../../Engine/Content/Functions/Engine_MaterialFunctions01/ImageAdjustment/CheapContrast.uexp" 650
"../../../Engine/Content/OpenWorldTemplate/LandscapeMaterial/MF_ProcGrid.uasset" 651
"../../../Engine/Content/OpenWorldTemplate/LandscapeMaterial/MF_ProcGrid.uexp" 652
"../../../Engine/Content/OpenWorldTemplate/LandscapeMaterial/M_ProcGrid.uasset" 653
"../../../Engine/Content/OpenWorldTemplate/LandscapeMaterial/M_ProcGrid.uexp" 654
"../../../Engine/Content/EngineSky/T_Sky_Stars.ubulk" 655
"../../../Engine/Content/EngineSky/T_Sky_Stars.uasset" 656
"../../../Engine/Content/EngineSky/T_Sky_Stars.uexp" 657
"../../../Engine/Content/EngineSky/T_Sky_Clouds_M.ubulk" 658
"../../../Engine/Content/EngineSky/T_Sky_Clouds_M.uasset" 659
"../../../Engine/Content/EngineSky/T_Sky_Clouds_M.uexp" 660
"../../../Engine/Content/EngineSky/T_Sky_Blue.ubulk" 661
"../../../Engine/Content/EngineSky/T_Sky_Blue.uasset" 662
"../../../Engine/Content/EngineSky/T_Sky_Blue.uexp" 663
"../../../Engine/Content/EngineSky/M_Sky_Panning_Clouds2.uasset" 664
"../../../Engine/Content/EngineSky/M_Sky_Panning_Clouds2.uexp" 665
"../../../Engine/Content/EngineSky/SM_SkySphere.ubulk" 666
"../../../Engine/Content/EngineSky/SM_SkySphere.uasset" 667
"../../../Engine/Content/EngineSky/SM_SkySphere.uexp" 668
"../../../Engine/Content/EngineSky/M_SimpleSkyDome.uasset" 669
"../../../Engine/Content/EngineSky/M_SimpleSkyDome.uexp" 670
"C:/Users/lukes/Documents/GitHub/TerrariumTesting/Content/Testing.uexp" 671
"C:/Users/lukes/Documents/GitHub/TerrariumTesting/Content/Testing.umap" 672
"../../../Engine/Content/BasicShapes/Cube.ubulk" 673
"../../../Engine/Content/BasicShapes/Cube.uasset" 674
"../../../Engine/Content/BasicShapes/Cube.uexp" 675
"C:/Users/lukes/Documents/GitHub/TerrariumTesting/Content/Prototyping/Meshes/Fantasy_Town/wood.uasset" 676
"C:/Users/lukes/Documents/GitHub/TerrariumTesting/Content/Prototyping/Meshes/Fantasy_Town/wood.uexp" 677
"C:/Users/lukes/Documents/GitHub/TerrariumTesting/Content/Prototyping/Meshes/Fantasy_Town/foliage.uasset" 678
"C:/Users/lukes/Documents/GitHub/TerrariumTesting/Content/Prototyping/Meshes/Fantasy_Town/foliage.uexp" 679
"C:/Users/lukes/Documents/GitHub/TerrariumTesting/Content/Prototyping/Meshes/Fantasy_Town/treeCrooked_treeCrooked.ubulk" 680
"C:/Users/lukes/Documents/GitHub/TerrariumTesting/Content/Prototyping/Meshes/Fantasy_Town/treeCrooked_treeCrooked.uasset" 681
"C:/Users/lukes/Documents/GitHub/TerrariumTesting/Content/Prototyping/Meshes/Fantasy_Town/treeCrooked_treeCrooked.uexp" 682
"C:/Users/lukes/Documents/GitHub/TerrariumTesting/Content/ToonEffects/Textures/T_ToonEffect_004.ubulk" 683
"C:/Users/lukes/Documents/GitHub/TerrariumTesting/Content/ToonEffects/Textures/T_ToonEffect_004.uasset" 684
"C:/Users/lukes/Documents/GitHub/TerrariumTesting/Content/ToonEffects/Textures/T_ToonEffect_004.uexp" 685
"../../../Engine/Content/EngineResources/DefaultTexture.ubulk" 686
"../../../Engine/Content/EngineResources/DefaultTexture.uasset" 687
"../../../Engine/Content/EngineResources/DefaultTexture.uexp" 688
"C:/Users/lukes/Documents/GitHub/TerrariumTesting/Content/ToonEffects/Materials/M_ToonEffect.uasset" 689
"C:/Users/lukes/Documents/GitHub/TerrariumTesting/Content/ToonEffects/Materials/M_ToonEffect.uexp" 690
"C:/Users/lukes/Documents/GitHub/TerrariumTesting/Content/ToonEffects/Materials/MI_ToonEffect_004.uasset" 691
"C:/Users/lukes/Documents/GitHub/TerrariumTesting/Content/ToonEffects/Materials/MI_ToonEffect_004.uexp" 692
"C:/Users/lukes/Documents/GitHub/TerrariumTesting/Content/ToonEffects/Effects/PS_ToonEffect_004.uasset" 693
"C:/Users/lukes/Documents/GitHub/TerrariumTesting/Content/ToonEffects/Effects/PS_ToonEffect_004.uexp" 694
"C:/Users/lukes/Documents/GitHub/TerrariumTesting/Content/ToonEffects/Textures/T_ToonEffect_002.ubulk" 695
"C:/Users/lukes/Documents/GitHub/TerrariumTesting/Content/ToonEffects/Textures/T_ToonEffect_002.uasset" 696
"C:/Users/lukes/Documents/GitHub/TerrariumTesting/Content/ToonEffects/Textures/T_ToonEffect_002.uexp" 697
"C:/Users/lukes/Documents/GitHub/TerrariumTesting/Content/ToonEffects/Materials/MI_ToonEffect_002.uasset" 698
"C:/Users/lukes/Documents/GitHub/TerrariumTesting/Content/ToonEffects/Materials/MI_ToonEffect_002.uexp" 699
"C:/Users/lukes/Documents/GitHub/TerrariumTesting/Content/ToonEffects/Effects/PS_ToonEffect_002.uasset" 700
"C:/Users/lukes/Documents/GitHub/TerrariumTesting/Content/ToonEffects/Effects/PS_ToonEffect_002.uexp" 701
"C:/Users/lukes/Documents/GitHub/TerrariumTesting/Content/Prototyping/Audio/Interface_Sounds/drop_002.ubulk" 702
"C:/Users/lukes/Documents/GitHub/TerrariumTesting/Content/Prototyping/Audio/Interface_Sounds/drop_002.uasset" 703
"C:/Users/lukes/Documents/GitHub/TerrariumTesting/Content/Prototyping/Audio/Interface_Sounds/drop_002.uexp" 704
"C:/Users/lukes/Documents/GitHub/TerrariumTesting/Content/Prototyping/Audio/Interface_Sounds/drop_004.ubulk" 705
"C:/Users/lukes/Documents/GitHub/TerrariumTesting/Content/Prototyping/Audio/Interface_Sounds/drop_004.uasset" 706
"C:/Users/lukes/Documents/GitHub/TerrariumTesting/Content/Prototyping/Audio/Interface_Sounds/drop_004.uexp" 707
"C:/Users/lukes/Documents/GitHub/TerrariumTesting/Content/Prototyping/Audio/Interface_Sounds/drop_003.ubulk" 708
"C:/Users/lukes/Documents/GitHub/TerrariumTesting/Content/Prototyping/Audio/Interface_Sounds/drop_003.uasset" 709
"C:/Users/lukes/Documents/GitHub/TerrariumTesting/Content/Prototyping/Audio/Interface_Sounds/drop_003.uexp" 710
"C:/Users/lukes/Documents/GitHub/TerrariumTesting/Content/Prototyping/Audio/Cues/Clicked_Interactable_Cue.uasset" 711
"C:/Users/lukes/Documents/GitHub/TerrariumTesting/Content/Prototyping/Audio/Cues/Clicked_Interactable_Cue.uexp" 712
"C:/Users/lukes/Documents/GitHub/TerrariumTesting/Content/Prototyping/Audio/Impact_Sounds/impactWood_medium_001.ubulk" 713
"C:/Users/lukes/Documents/GitHub/TerrariumTesting/Content/Prototyping/Audio/Impact_Sounds/impactWood_medium_001.uasset" 714
"C:/Users/lukes/Documents/GitHub/TerrariumTesting/Content/Prototyping/Audio/Impact_Sounds/impactWood_medium_001.uexp" 715
"C:/Users/lukes/Documents/GitHub/TerrariumTesting/Content/Prototyping/Audio/Impact_Sounds/impactWood_medium_002.ubulk" 716
"C:/Users/lukes/Documents/GitHub/TerrariumTesting/Content/Prototyping/Audio/Impact_Sounds/impactWood_medium_002.uasset" 717
"C:/Users/lukes/Documents/GitHub/TerrariumTesting/Content/Prototyping/Audio/Impact_Sounds/impactWood_medium_002.uexp" 718
"C:/Users/lukes/Documents/GitHub/TerrariumTesting/Content/Prototyping/Audio/Impact_Sounds/impactWood_medium_003.ubulk" 719
"C:/Users/lukes/Documents/GitHub/TerrariumTesting/Content/Prototyping/Audio/Impact_Sounds/impactWood_medium_003.uasset" 720
"C:/Users/lukes/Documents/GitHub/TerrariumTesting/Content/Prototyping/Audio/Impact_Sounds/impactWood_medium_003.uexp" 721
"C:/Users/lukes/Documents/GitHub/TerrariumTesting/Content/Prototyping/Audio/Impact_Sounds/impactWood_medium_000.ubulk" 722
"C:/Users/lukes/Documents/GitHub/TerrariumTesting/Content/Prototyping/Audio/Impact_Sounds/impactWood_medium_000.uasset" 723
"C:/Users/lukes/Documents/GitHub/TerrariumTesting/Content/Prototyping/Audio/Impact_Sounds/impactWood_medium_000.uexp" 724
"C:/Users/lukes/Documents/GitHub/TerrariumTesting/Content/Prototyping/Audio/Impact_Sounds/impactWood_medium_004.ubulk" 725
"C:/Users/lukes/Documents/GitHub/TerrariumTesting/Content/Prototyping/Audio/Impact_Sounds/impactWood_medium_004.uasset" 726
"C:/Users/lukes/Documents/GitHub/TerrariumTesting/Content/Prototyping/Audio/Impact_Sounds/impactWood_medium_004.uexp" 727
"C:/Users/lukes/Documents/GitHub/TerrariumTesting/Content/Prototyping/Audio/Cues/Test_Impact_Cue.uasset" 728
"C:/Users/lukes/Documents/GitHub/TerrariumTesting/Content/Prototyping/Audio/Cues/Test_Impact_Cue.uexp" 729
"C:/Users/lukes/Documents/GitHub/TerrariumTesting/Content/Prototyping/Materials/M_Base_Interactable_Material.uasset" 730
"C:/Users/lukes/Documents/GitHub/TerrariumTesting/Content/Prototyping/Materials/M_Base_Interactable_Material.uexp" 731
"C:/Users/lukes/Documents/GitHub/TerrariumTesting/Content/Prototyping/Meshes/SM_Test_Interactable_Cube.ubulk" 732
"C:/Users/lukes/Documents/GitHub/TerrariumTesting/Content/Prototyping/Meshes/SM_Test_Interactable_Cube.uasset" 733
"C:/Users/lukes/Documents/GitHub/TerrariumTesting/Content/Prototyping/Meshes/SM_Test_Interactable_Cube.uexp" 734
"C:/Users/lukes/Documents/GitHub/TerrariumTesting/Content/Prototyping/Blueprints/BP_Base_Interactable.uasset" 735
"C:/Users/lukes/Documents/GitHub/TerrariumTesting/Content/Prototyping/Blueprints/BP_Base_Interactable.uexp" 736
"C:/Users/lukes/Documents/GitHub/TerrariumTesting/Content/Prototyping/Meshes/Fantasy_Town/treeHighCrooked_treeHighCrooked.ubulk" 737
"C:/Users/lukes/Documents/GitHub/TerrariumTesting/Content/Prototyping/Meshes/Fantasy_Town/treeHighCrooked_treeHighCrooked.uasset" 738
"C:/Users/lukes/Documents/GitHub/TerrariumTesting/Content/Prototyping/Meshes/Fantasy_Town/treeHighCrooked_treeHighCrooked.uexp" 739
"C:/Users/lukes/Documents/GitHub/TerrariumTesting/Content/Prototyping/Meshes/Fantasy_Town/treeHigh_treeHigh.ubulk" 740
"C:/Users/lukes/Documents/GitHub/TerrariumTesting/Content/Prototyping/Meshes/Fantasy_Town/treeHigh_treeHigh.uasset" 741
"C:/Users/lukes/Documents/GitHub/TerrariumTesting/Content/Prototyping/Meshes/Fantasy_Town/treeHigh_treeHigh.uexp" 742
"C:/Users/lukes/Documents/GitHub/TerrariumTesting/Content/Prototyping/Meshes/Fantasy_Town/tree_tree.ubulk" 743
"C:/Users/lukes/Documents/GitHub/TerrariumTesting/Content/Prototyping/Meshes/Fantasy_Town/tree_tree.uasset" 744
"C:/Users/lukes/Documents/GitHub/TerrariumTesting/Content/Prototyping/Meshes/Fantasy_Town/tree_tree.uexp" 745
"C:/Users/lukes/Documents/GitHub/TerrariumTesting/Content/Prototyping/Meshes/Fantasy_Town/treeHighRound_treeHighRound.ubulk" 746
"C:/Users/lukes/Documents/GitHub/TerrariumTesting/Content/Prototyping/Meshes/Fantasy_Town/treeHighRound_treeHighRound.uasset" 747
"C:/Users/lukes/Documents/GitHub/TerrariumTesting/Content/Prototyping/Meshes/Fantasy_Town/treeHighRound_treeHighRound.uexp" 748
"C:/Users/lukes/Documents/GitHub/TerrariumTesting/Content/Prototyping/Blueprints/BP_Tree.uasset" 749
"C:/Users/lukes/Documents/GitHub/TerrariumTesting/Content/Prototyping/Blueprints/BP_Tree.uexp" 750
"C:/Users/lukes/Documents/GitHub/TerrariumTesting/Content/Prototyping/Meshes/Fantasy_Town/woodDark.uasset" 751
"C:/Users/lukes/Documents/GitHub/TerrariumTesting/Content/Prototyping/Meshes/Fantasy_Town/woodDark.uexp" 752
"C:/Users/lukes/Documents/GitHub/TerrariumTesting/Content/Prototyping/Blueprints/BP_Jump_Squish.uasset" 753
"C:/Users/lukes/Documents/GitHub/TerrariumTesting/Content/Prototyping/Blueprints/BP_Jump_Squish.uexp" 754
"C:/Users/lukes/Documents/GitHub/TerrariumTesting/Content/Prototyping/Audio/Test_Splash_Sound.ubulk" 755
"C:/Users/lukes/Documents/GitHub/TerrariumTesting/Content/Prototyping/Audio/Test_Splash_Sound.uasset" 756
"C:/Users/lukes/Documents/GitHub/TerrariumTesting/Content/Prototyping/Audio/Test_Splash_Sound.uexp" 757
"C:/Users/lukes/Documents/GitHub/TerrariumTesting/Content/Prototyping/Meshes/Fantasy_Town/_defaultMat.uasset" 758
"C:/Users/lukes/Documents/GitHub/TerrariumTesting/Content/Prototyping/Meshes/Fantasy_Town/_defaultMat.uexp" 759
"C:/Users/lukes/Documents/GitHub/TerrariumTesting/Content/Prototyping/Meshes/Fantasy_Town/stone.uasset" 760
"C:/Users/lukes/Documents/GitHub/TerrariumTesting/Content/Prototyping/Meshes/Fantasy_Town/stone.uexp" 761
"C:/Users/lukes/Documents/GitHub/TerrariumTesting/Content/Prototyping/Meshes/Fantasy_Town/watermillWide_watermillWide.ubulk" 762
"C:/Users/lukes/Documents/GitHub/TerrariumTesting/Content/Prototyping/Meshes/Fantasy_Town/watermillWide_watermillWide.uasset" 763
"C:/Users/lukes/Documents/GitHub/TerrariumTesting/Content/Prototyping/Meshes/Fantasy_Town/watermillWide_watermillWide.uexp" 764
"C:/Users/lukes/Documents/GitHub/TerrariumTesting/Content/Prototyping/Blueprints/BP_Water_Wheel.uasset" 765
"C:/Users/lukes/Documents/GitHub/TerrariumTesting/Content/Prototyping/Blueprints/BP_Water_Wheel.uexp" 766
"C:/Users/lukes/Documents/GitHub/TerrariumTesting/Content/Prototyping/Audio/Whoosh.ubulk" 767
"C:/Users/lukes/Documents/GitHub/TerrariumTesting/Content/Prototyping/Audio/Whoosh.uasset" 768
"C:/Users/lukes/Documents/GitHub/TerrariumTesting/Content/Prototyping/Audio/Whoosh.uexp" 769
"C:/Users/lukes/Documents/GitHub/TerrariumTesting/Content/Prototyping/Blueprints/BP_Spin_Stretch_Squish.uasset" 770
"C:/Users/lukes/Documents/GitHub/TerrariumTesting/Content/Prototyping/Blueprints/BP_Spin_Stretch_Squish.uexp" 771
"C:/Users/lukes/Documents/GitHub/TerrariumTesting/Content/Prototyping/Meshes/Fantasy_Town/roofRed.uasset" 772
"C:/Users/lukes/Documents/GitHub/TerrariumTesting/Content/Prototyping/Meshes/Fantasy_Town/roofRed.uexp" 773
"C:/Users/lukes/Documents/GitHub/TerrariumTesting/Content/Prototyping/Meshes/Fantasy_Town/roofHighGableTop_roofHighGableTop.ubulk" 774
"C:/Users/lukes/Documents/GitHub/TerrariumTesting/Content/Prototyping/Meshes/Fantasy_Town/roofHighGableTop_roofHighGableTop.uasset" 775
"C:/Users/lukes/Documents/GitHub/TerrariumTesting/Content/Prototyping/Meshes/Fantasy_Town/roofHighGableTop_roofHighGableTop.uexp" 776
"C:/Users/lukes/Documents/GitHub/TerrariumTesting/Content/Prototyping/Meshes/Fantasy_Town/wallWoodBlock_wallWoodBlock.ubulk" 777
"C:/Users/lukes/Documents/GitHub/TerrariumTesting/Content/Prototyping/Meshes/Fantasy_Town/wallWoodBlock_wallWoodBlock.uasset" 778
"C:/Users/lukes/Documents/GitHub/TerrariumTesting/Content/Prototyping/Meshes/Fantasy_Town/wallWoodBlock_wallWoodBlock.uexp" 779
"C:/Users/lukes/Documents/GitHub/TerrariumTesting/Content/Prototyping/Blueprints/BP_House.uasset" 780
"C:/Users/lukes/Documents/GitHub/TerrariumTesting/Content/Prototyping/Blueprints/BP_House.uexp" 781
"C:/Users/lukes/Documents/GitHub/TerrariumTesting/Content/Prototyping/Blueprints/BP_Pulse.uasset" 782
"C:/Users/lukes/Documents/GitHub/TerrariumTesting/Content/Prototyping/Blueprints/BP_Pulse.uexp" 783
"C:/Users/lukes/Documents/GitHub/TerrariumTesting/Content/Terrarium_1.uexp" 784
"C:/Users/lukes/Documents/GitHub/TerrariumTesting/Content/Terrarium_1.umap" 785
"../../../Engine/Content/Maps/Entry_BuiltData.uasset" 786
"../../../Engine/Content/Maps/Entry_BuiltData.uexp" 787
"../../../Engine/Content/Maps/Entry.uexp" 788
"../../../Engine/Content/Maps/Entry.umap" 789
"../../../Engine/Content/Maps/Templates/OpenWorld.uexp" 790
"../../../Engine/Content/Maps/Templates/OpenWorld.ubulk" 791
"../../../Engine/Content/Maps/Templates/OpenWorld.umap" 792
"../../../Engine/Content/Maps/Templates/OpenWorld/_Generated_/2FZJHJZSM20RN2LKC21XCSJ6U.uexp" 793
"../../../Engine/Content/Maps/Templates/OpenWorld/_Generated_/2FZJHJZSM20RN2LKC21XCSJ6U.ubulk" 794
"../../../Engine/Content/Maps/Templates/OpenWorld/_Generated_/2FZJHJZSM20RN2LKC21XCSJ6U.umap" 795
"../../../Engine/Content/Maps/Templates/OpenWorld/_Generated_/AMBFSY9X5PO8DISRAWLM44RNL.uexp" 796
"../../../Engine/Content/Maps/Templates/OpenWorld/_Generated_/AMBFSY9X5PO8DISRAWLM44RNL.ubulk" 797
"../../../Engine/Content/Maps/Templates/OpenWorld/_Generated_/AMBFSY9X5PO8DISRAWLM44RNL.umap" 798
"../../../Engine/Content/Maps/Templates/OpenWorld/_Generated_/5BC0YDXHDRGE8600U6YD13EOC.uexp" 799
"../../../Engine/Content/Maps/Templates/OpenWorld/_Generated_/5BC0YDXHDRGE8600U6YD13EOC.ubulk" 800
"../../../Engine/Content/Maps/Templates/OpenWorld/_Generated_/5BC0YDXHDRGE8600U6YD13EOC.umap" 801
"../../../Engine/Content/Maps/Templates/OpenWorld/_Generated_/DXM3CZ58TJWU0FRAMHFWN8RVL.uexp" 802
"../../../Engine/Content/Maps/Templates/OpenWorld/_Generated_/DXM3CZ58TJWU0FRAMHFWN8RVL.ubulk" 803
"../../../Engine/Content/Maps/Templates/OpenWorld/_Generated_/DXM3CZ58TJWU0FRAMHFWN8RVL.umap" 804
"../../../Engine/Content/Maps/Templates/OpenWorld/_Generated_/3N52C0Z96KK79YKX5ADIT8I65.uexp" 805
"../../../Engine/Content/Maps/Templates/OpenWorld/_Generated_/3N52C0Z96KK79YKX5ADIT8I65.ubulk" 806
"../../../Engine/Content/Maps/Templates/OpenWorld/_Generated_/3N52C0Z96KK79YKX5ADIT8I65.umap" 807
"../../../Engine/Content/Maps/Templates/OpenWorld/_Generated_/6NAN6QOVS9GGB4L73MDLRH3SJ.uexp" 808
"../../../Engine/Content/Maps/Templates/OpenWorld/_Generated_/6NAN6QOVS9GGB4L73MDLRH3SJ.ubulk" 809
"../../../Engine/Content/Maps/Templates/OpenWorld/_Generated_/6NAN6QOVS9GGB4L73MDLRH3SJ.umap" 810
"../../../Engine/Content/Maps/Templates/OpenWorld/_Generated_/BUSV4KIM4ZQM1VA80PD8IM4I6.uexp" 811
"../../../Engine/Content/Maps/Templates/OpenWorld/_Generated_/BUSV4KIM4ZQM1VA80PD8IM4I6.ubulk" 812
"../../../Engine/Content/Maps/Templates/OpenWorld/_Generated_/BUSV4KIM4ZQM1VA80PD8IM4I6.umap" 813
"../../../Engine/Content/Maps/Templates/OpenWorld/_Generated_/49LOO7O6WOIPXHY04H6EH3SRO.uexp" 814
"../../../Engine/Content/Maps/Templates/OpenWorld/_Generated_/49LOO7O6WOIPXHY04H6EH3SRO.ubulk" 815
"../../../Engine/Content/Maps/Templates/OpenWorld/_Generated_/49LOO7O6WOIPXHY04H6EH3SRO.umap" 816
"../../../Engine/Content/Maps/Templates/OpenWorld/_Generated_/7D4589H5TPGQ3EUIJAWN7DBOY.uexp" 817
"../../../Engine/Content/Maps/Templates/OpenWorld/_Generated_/7D4589H5TPGQ3EUIJAWN7DBOY.ubulk" 818
"../../../Engine/Content/Maps/Templates/OpenWorld/_Generated_/7D4589H5TPGQ3EUIJAWN7DBOY.umap" 819
"../../../Engine/Content/Maps/Templates/OpenWorld/_Generated_/8Z8YOCSR7LTZ0H9RI4M5085BC.uexp" 820
"../../../Engine/Content/Maps/Templates/OpenWorld/_Generated_/8Z8YOCSR7LTZ0H9RI4M5085BC.ubulk" 821
"../../../Engine/Content/Maps/Templates/OpenWorld/_Generated_/8Z8YOCSR7LTZ0H9RI4M5085BC.umap" 822
"../../../Engine/Content/Maps/Templates/OpenWorld/_Generated_/D1AL1W32LVCB7IFT0Q5MC6175.uexp" 823
"../../../Engine/Content/Maps/Templates/OpenWorld/_Generated_/D1AL1W32LVCB7IFT0Q5MC6175.ubulk" 824
"../../../Engine/Content/Maps/Templates/OpenWorld/_Generated_/D1AL1W32LVCB7IFT0Q5MC6175.umap" 825
"../../../Engine/Content/Maps/Templates/OpenWorld/_Generated_/4XIT50UG25GP2YF151W2HUSK4.uexp" 826
"../../../Engine/Content/Maps/Templates/OpenWorld/_Generated_/4XIT50UG25GP2YF151W2HUSK4.ubulk" 827
"../../../Engine/Content/Maps/Templates/OpenWorld/_Generated_/4XIT50UG25GP2YF151W2HUSK4.umap" 828
"../../../Engine/Content/Maps/Templates/OpenWorld/_Generated_/AUR8ZKGW938IR1RZ4QR702TY0.uexp" 829
"../../../Engine/Content/Maps/Templates/OpenWorld/_Generated_/AUR8ZKGW938IR1RZ4QR702TY0.ubulk" 830
"../../../Engine/Content/Maps/Templates/OpenWorld/_Generated_/AUR8ZKGW938IR1RZ4QR702TY0.umap" 831
"../../../Engine/Content/Maps/Templates/OpenWorld/_Generated_/15PUVP98C5M3K4XZAMCQPB73T.uexp" 832
"../../../Engine/Content/Maps/Templates/OpenWorld/_Generated_/15PUVP98C5M3K4XZAMCQPB73T.ubulk" 833
"../../../Engine/Content/Maps/Templates/OpenWorld/_Generated_/15PUVP98C5M3K4XZAMCQPB73T.umap" 834
"../../../Engine/Content/Maps/Templates/OpenWorld/_Generated_/A8W6LA5PW9CFQU5BYPNL5D6LD.uexp" 835
"../../../Engine/Content/Maps/Templates/OpenWorld/_Generated_/A8W6LA5PW9CFQU5BYPNL5D6LD.ubulk" 836
"../../../Engine/Content/Maps/Templates/OpenWorld/_Generated_/A8W6LA5PW9CFQU5BYPNL5D6LD.umap" 837
"../../../Engine/Content/Maps/Templates/OpenWorld/_Generated_/33WUTP8AAMGGMJB18ON16006N.uexp" 838
"../../../Engine/Content/Maps/Templates/OpenWorld/_Generated_/33WUTP8AAMGGMJB18ON16006N.ubulk" 839
"../../../Engine/Content/Maps/Templates/OpenWorld/_Generated_/33WUTP8AAMGGMJB18ON16006N.umap" 840
"../../../Engine/Content/Maps/Templates/OpenWorld/_Generated_/EIUDJYOTYKPRF2P93P2F2I5QO.uexp" 841
"../../../Engine/Content/Maps/Templates/OpenWorld/_Generated_/EIUDJYOTYKPRF2P93P2F2I5QO.ubulk" 842
"../../../Engine/Content/Maps/Templates/OpenWorld/_Generated_/EIUDJYOTYKPRF2P93P2F2I5QO.umap" 843
"../../../Engine/Content/Maps/Templates/OpenWorld/_Generated_/91YZ6UH98RCWUEICWJC1SL80S.uexp" 844
"../../../Engine/Content/Maps/Templates/OpenWorld/_Generated_/91YZ6UH98RCWUEICWJC1SL80S.ubulk" 845
"../../../Engine/Content/Maps/Templates/OpenWorld/_Generated_/91YZ6UH98RCWUEICWJC1SL80S.umap" 846
"../../../Engine/Content/Maps/Templates/OpenWorld/_Generated_/7GR89S6WSJY3FU2VCEN2S9006.uexp" 847
"../../../Engine/Content/Maps/Templates/OpenWorld/_Generated_/7GR89S6WSJY3FU2VCEN2S9006.ubulk" 848
"../../../Engine/Content/Maps/Templates/OpenWorld/_Generated_/7GR89S6WSJY3FU2VCEN2S9006.umap" 849
"../../../Engine/Content/Maps/Templates/OpenWorld/_Generated_/AI1G75W5U8LEHXWDJCRUY9600.uexp" 850
"../../../Engine/Content/Maps/Templates/OpenWorld/_Generated_/AI1G75W5U8LEHXWDJCRUY9600.ubulk" 851
"../../../Engine/Content/Maps/Templates/OpenWorld/_Generated_/AI1G75W5U8LEHXWDJCRUY9600.umap" 852
"../../../Engine/Content/Maps/Templates/OpenWorld/_Generated_/612B6KCIR7O8D1L7410DPSAXB.uexp" 853
"../../../Engine/Content/Maps/Templates/OpenWorld/_Generated_/612B6KCIR7O8D1L7410DPSAXB.ubulk" 854
"../../../Engine/Content/Maps/Templates/OpenWorld/_Generated_/612B6KCIR7O8D1L7410DPSAXB.umap" 855
"../../../Engine/Content/Maps/Templates/OpenWorld/_Generated_/0G7BZ0AVOC3FVZCBFGJ60HUQU.uexp" 856
"../../../Engine/Content/Maps/Templates/OpenWorld/_Generated_/0G7BZ0AVOC3FVZCBFGJ60HUQU.ubulk" 857
"../../../Engine/Content/Maps/Templates/OpenWorld/_Generated_/0G7BZ0AVOC3FVZCBFGJ60HUQU.umap" 858
"../../../Engine/Content/Maps/Templates/OpenWorld/_Generated_/934KIFKXXK1HGA2IF9UGXWW5T.uexp" 859
"../../../Engine/Content/Maps/Templates/OpenWorld/_Generated_/934KIFKXXK1HGA2IF9UGXWW5T.ubulk" 860
"../../../Engine/Content/Maps/Templates/OpenWorld/_Generated_/934KIFKXXK1HGA2IF9UGXWW5T.umap" 861
"../../../Engine/Content/Maps/Templates/OpenWorld/_Generated_/7968NEJERJ8LXIHRP9S15XV5Q.uexp" 862
"../../../Engine/Content/Maps/Templates/OpenWorld/_Generated_/7968NEJERJ8LXIHRP9S15XV5Q.ubulk" 863
"../../../Engine/Content/Maps/Templates/OpenWorld/_Generated_/7968NEJERJ8LXIHRP9S15XV5Q.umap" 864
"../../../Engine/Content/Maps/Templates/OpenWorld/_Generated_/5S78YEUP9H3OBZOFVJB1CA7AL.uexp" 865
"../../../Engine/Content/Maps/Templates/OpenWorld/_Generated_/5S78YEUP9H3OBZOFVJB1CA7AL.ubulk" 866
"../../../Engine/Content/Maps/Templates/OpenWorld/_Generated_/5S78YEUP9H3OBZOFVJB1CA7AL.umap" 867
"../../../Engine/Content/Maps/Templates/OpenWorld/_Generated_/1MO2OANC4SXHHIM5EFVC52XR1.uexp" 868
"../../../Engine/Content/Maps/Templates/OpenWorld/_Generated_/1MO2OANC4SXHHIM5EFVC52XR1.ubulk" 869
"../../../Engine/Content/Maps/Templates/OpenWorld/_Generated_/1MO2OANC4SXHHIM5EFVC52XR1.umap" 870
"../../../Engine/Content/Maps/Templates/OpenWorld/_Generated_/C1JRJ8BIQ0WB6KPNTSBWTV206.uexp" 871
"../../../Engine/Content/Maps/Templates/OpenWorld/_Generated_/C1JRJ8BIQ0WB6KPNTSBWTV206.ubulk" 872
"../../../Engine/Content/Maps/Templates/OpenWorld/_Generated_/C1JRJ8BIQ0WB6KPNTSBWTV206.umap" 873
"../../../Engine/Content/Maps/Templates/OpenWorld/_Generated_/11BHGZGWJ5PK00GJCLSCJ8B61.uexp" 874
"../../../Engine/Content/Maps/Templates/OpenWorld/_Generated_/11BHGZGWJ5PK00GJCLSCJ8B61.ubulk" 875
"../../../Engine/Content/Maps/Templates/OpenWorld/_Generated_/11BHGZGWJ5PK00GJCLSCJ8B61.umap" 876
"../../../Engine/Content/Maps/Templates/OpenWorld/_Generated_/8TW0XYITJ4VCCQCXFZEQ6ZUTN.uexp" 877
"../../../Engine/Content/Maps/Templates/OpenWorld/_Generated_/8TW0XYITJ4VCCQCXFZEQ6ZUTN.ubulk" 878
"../../../Engine/Content/Maps/Templates/OpenWorld/_Generated_/8TW0XYITJ4VCCQCXFZEQ6ZUTN.umap" 879
"../../../Engine/Content/Maps/Templates/OpenWorld/_Generated_/8FVKUTSTV673WMLCWMET6P72H.uexp" 880
"../../../Engine/Content/Maps/Templates/OpenWorld/_Generated_/8FVKUTSTV673WMLCWMET6P72H.ubulk" 881
"../../../Engine/Content/Maps/Templates/OpenWorld/_Generated_/8FVKUTSTV673WMLCWMET6P72H.umap" 882
"../../../Engine/Content/Maps/Templates/OpenWorld/_Generated_/967DI1A9UD8DWRC0VO76T0PMS.uexp" 883
"../../../Engine/Content/Maps/Templates/OpenWorld/_Generated_/967DI1A9UD8DWRC0VO76T0PMS.ubulk" 884
"../../../Engine/Content/Maps/Templates/OpenWorld/_Generated_/967DI1A9UD8DWRC0VO76T0PMS.umap" 885
"../../../Engine/Content/Maps/Templates/OpenWorld/_Generated_/DB95BAX9VA3FMBURYAZVIZSW7.uexp" 886
"../../../Engine/Content/Maps/Templates/OpenWorld/_Generated_/DB95BAX9VA3FMBURYAZVIZSW7.ubulk" 887
"../../../Engine/Content/Maps/Templates/OpenWorld/_Generated_/DB95BAX9VA3FMBURYAZVIZSW7.umap" 888
"../../../Engine/Content/Maps/Templates/OpenWorld/_Generated_/BJU9Y1NWGCDUWPPVFJWA7O9M2.uexp" 889
"../../../Engine/Content/Maps/Templates/OpenWorld/_Generated_/BJU9Y1NWGCDUWPPVFJWA7O9M2.ubulk" 890
"../../../Engine/Content/Maps/Templates/OpenWorld/_Generated_/BJU9Y1NWGCDUWPPVFJWA7O9M2.umap" 891
"../../../Engine/Content/Maps/Templates/OpenWorld/_Generated_/56ZVOJSILUBKMPF5F1LS9N5I6.uexp" 892
"../../../Engine/Content/Maps/Templates/OpenWorld/_Generated_/56ZVOJSILUBKMPF5F1LS9N5I6.ubulk" 893
"../../../Engine/Content/Maps/Templates/OpenWorld/_Generated_/56ZVOJSILUBKMPF5F1LS9N5I6.umap" 894
"../../../Engine/Content/Maps/Templates/OpenWorld/_Generated_/AFWCQIHPU4IN3G15KL9L9MJ8X.uexp" 895
"../../../Engine/Content/Maps/Templates/OpenWorld/_Generated_/AFWCQIHPU4IN3G15KL9L9MJ8X.ubulk" 896
"../../../Engine/Content/Maps/Templates/OpenWorld/_Generated_/AFWCQIHPU4IN3G15KL9L9MJ8X.umap" 897
"../../../Engine/Content/Maps/Templates/OpenWorld/_Generated_/2MLEDZCWL1GZ4AROALMBHAOJQ.uexp" 898
"../../../Engine/Content/Maps/Templates/OpenWorld/_Generated_/2MLEDZCWL1GZ4AROALMBHAOJQ.ubulk" 899
"../../../Engine/Content/Maps/Templates/OpenWorld/_Generated_/2MLEDZCWL1GZ4AROALMBHAOJQ.umap" 900
"../../../Engine/Content/Maps/Templates/OpenWorld/_Generated_/14C4SJ62H17PKF8M74JIL3XHR.uexp" 901
"../../../Engine/Content/Maps/Templates/OpenWorld/_Generated_/14C4SJ62H17PKF8M74JIL3XHR.ubulk" 902
"../../../Engine/Content/Maps/Templates/OpenWorld/_Generated_/14C4SJ62H17PKF8M74JIL3XHR.umap" 903
"../../../Engine/Content/Maps/Templates/OpenWorld/_Generated_/97VXPZI6YYGLVIIR9GT5JSAZI.uexp" 904
"../../../Engine/Content/Maps/Templates/OpenWorld/_Generated_/97VXPZI6YYGLVIIR9GT5JSAZI.ubulk" 905
"../../../Engine/Content/Maps/Templates/OpenWorld/_Generated_/97VXPZI6YYGLVIIR9GT5JSAZI.umap" 906
"../../../Engine/Content/Maps/Templates/OpenWorld/_Generated_/0UE64F003XPDY2LMR6CDKNB3E.uexp" 907
"../../../Engine/Content/Maps/Templates/OpenWorld/_Generated_/0UE64F003XPDY2LMR6CDKNB3E.ubulk" 908
"../../../Engine/Content/Maps/Templates/OpenWorld/_Generated_/0UE64F003XPDY2LMR6CDKNB3E.umap" 909
"../../../Engine/Content/Maps/Templates/OpenWorld/_Generated_/E4R5H0A1UDBTHHM8CPM0G2PHF.uexp" 910
"../../../Engine/Content/Maps/Templates/OpenWorld/_Generated_/E4R5H0A1UDBTHHM8CPM0G2PHF.ubulk" 911
"../../../Engine/Content/Maps/Templates/OpenWorld/_Generated_/E4R5H0A1UDBTHHM8CPM0G2PHF.umap" 912
"../../../Engine/Content/Maps/Templates/OpenWorld/_Generated_/AUFYT5FNM7U0DH94TX2EQU86C.uexp" 913
"../../../Engine/Content/Maps/Templates/OpenWorld/_Generated_/AUFYT5FNM7U0DH94TX2EQU86C.ubulk" 914
"../../../Engine/Content/Maps/Templates/OpenWorld/_Generated_/AUFYT5FNM7U0DH94TX2EQU86C.umap" 915
"../../../Engine/Content/Maps/Templates/OpenWorld/_Generated_/1JP6WU2C2GZUA04DU94LONZ3Z.uexp" 916
"../../../Engine/Content/Maps/Templates/OpenWorld/_Generated_/1JP6WU2C2GZUA04DU94LONZ3Z.ubulk" 917
"../../../Engine/Content/Maps/Templates/OpenWorld/_Generated_/1JP6WU2C2GZUA04DU94LONZ3Z.umap" 918
"../../../Engine/Content/Maps/Templates/OpenWorld/_Generated_/03CBAIJSUDBT6NPN6R9EVOGNQ.uexp" 919
"../../../Engine/Content/Maps/Templates/OpenWorld/_Generated_/03CBAIJSUDBT6NPN6R9EVOGNQ.ubulk" 920
"../../../Engine/Content/Maps/Templates/OpenWorld/_Generated_/03CBAIJSUDBT6NPN6R9EVOGNQ.umap" 921
"../../../Engine/Content/Maps/Templates/OpenWorld/_Generated_/4FEQOS4QUMSTI2614Y5XT21EV.uexp" 922
"../../../Engine/Content/Maps/Templates/OpenWorld/_Generated_/4FEQOS4QUMSTI2614Y5XT21EV.ubulk" 923
"../../../Engine/Content/Maps/Templates/OpenWorld/_Generated_/4FEQOS4QUMSTI2614Y5XT21EV.umap" 924
"../../../Engine/Content/Maps/Templates/OpenWorld/_Generated_/4O62Z7PNEBR3379MG9QZS4JL0.uexp" 925
"../../../Engine/Content/Maps/Templates/OpenWorld/_Generated_/4O62Z7PNEBR3379MG9QZS4JL0.ubulk" 926
"../../../Engine/Content/Maps/Templates/OpenWorld/_Generated_/4O62Z7PNEBR3379MG9QZS4JL0.umap" 927
"../../../Engine/Content/Maps/Templates/OpenWorld/_Generated_/CX5U2I1LD32JOW189TJ3MQMSN.uexp" 928
"../../../Engine/Content/Maps/Templates/OpenWorld/_Generated_/CX5U2I1LD32JOW189TJ3MQMSN.ubulk" 929
"../../../Engine/Content/Maps/Templates/OpenWorld/_Generated_/CX5U2I1LD32JOW189TJ3MQMSN.umap" 930
"../../../Engine/Content/Maps/Templates/OpenWorld/_Generated_/EHBSPV85V30HXRUCRMMWIRQ36.uexp" 931
"../../../Engine/Content/Maps/Templates/OpenWorld/_Generated_/EHBSPV85V30HXRUCRMMWIRQ36.ubulk" 932
"../../../Engine/Content/Maps/Templates/OpenWorld/_Generated_/EHBSPV85V30HXRUCRMMWIRQ36.umap" 933
"../../../Engine/Content/Maps/Templates/OpenWorld/_Generated_/3F1NNV8MVR6N0AELV7MGT64SA.uexp" 934
"../../../Engine/Content/Maps/Templates/OpenWorld/_Generated_/3F1NNV8MVR6N0AELV7MGT64SA.ubulk" 935
"../../../Engine/Content/Maps/Templates/OpenWorld/_Generated_/3F1NNV8MVR6N0AELV7MGT64SA.umap" 936
"../../../Engine/Content/Maps/Templates/OpenWorld/_Generated_/6VA0MCE01TXOIEESXKEO8O517.uexp" 937
"../../../Engine/Content/Maps/Templates/OpenWorld/_Generated_/6VA0MCE01TXOIEESXKEO8O517.ubulk" 938
"../../../Engine/Content/Maps/Templates/OpenWorld/_Generated_/6VA0MCE01TXOIEESXKEO8O517.umap" 939
"../../../Engine/Content/Maps/Templates/OpenWorld/_Generated_/9QE3LPI64TM4VPO9RLNT5K80Q.uexp" 940
"../../../Engine/Content/Maps/Templates/OpenWorld/_Generated_/9QE3LPI64TM4VPO9RLNT5K80Q.ubulk" 941
"../../../Engine/Content/Maps/Templates/OpenWorld/_Generated_/9QE3LPI64TM4VPO9RLNT5K80Q.umap" 942
"../../../Engine/Content/Maps/Templates/OpenWorld/_Generated_/3BALNNF3DWWJUMTM3C2QBSBDH.uexp" 943
"../../../Engine/Content/Maps/Templates/OpenWorld/_Generated_/3BALNNF3DWWJUMTM3C2QBSBDH.ubulk" 944
"../../../Engine/Content/Maps/Templates/OpenWorld/_Generated_/3BALNNF3DWWJUMTM3C2QBSBDH.umap" 945
"../../../Engine/Content/Maps/Templates/OpenWorld/_Generated_/4J4RYJP33IY1BTOA04NZJRIWG.uexp" 946
"../../../Engine/Content/Maps/Templates/OpenWorld/_Generated_/4J4RYJP33IY1BTOA04NZJRIWG.ubulk" 947
"../../../Engine/Content/Maps/Templates/OpenWorld/_Generated_/4J4RYJP33IY1BTOA04NZJRIWG.umap" 948
"../../../Engine/Content/Maps/Templates/OpenWorld/_Generated_/4OI8ERRWPY40LPJMUE022TQDQ.uexp" 949
"../../../Engine/Content/Maps/Templates/OpenWorld/_Generated_/4OI8ERRWPY40LPJMUE022TQDQ.ubulk" 950
"../../../Engine/Content/Maps/Templates/OpenWorld/_Generated_/4OI8ERRWPY40LPJMUE022TQDQ.umap" 951
"../../../Engine/Content/Maps/Templates/OpenWorld/_Generated_/BU79R5ICZNIOLRTMBDRZYRWZK.uexp" 952
"../../../Engine/Content/Maps/Templates/OpenWorld/_Generated_/BU79R5ICZNIOLRTMBDRZYRWZK.ubulk" 953
"../../../Engine/Content/Maps/Templates/OpenWorld/_Generated_/BU79R5ICZNIOLRTMBDRZYRWZK.umap" 954
"../../../Engine/Content/Maps/Templates/OpenWorld/_Generated_/4K0IKS52C419Z1TF75UX95IHU.uexp" 955
"../../../Engine/Content/Maps/Templates/OpenWorld/_Generated_/4K0IKS52C419Z1TF75UX95IHU.ubulk" 956
"../../../Engine/Content/Maps/Templates/OpenWorld/_Generated_/4K0IKS52C419Z1TF75UX95IHU.umap" 957
"../../../Engine/Content/Maps/Templates/OpenWorld/_Generated_/2FJOUB50GBIAHQ5DORBAIMR4Z.uexp" 958
"../../../Engine/Content/Maps/Templates/OpenWorld/_Generated_/2FJOUB50GBIAHQ5DORBAIMR4Z.ubulk" 959
"../../../Engine/Content/Maps/Templates/OpenWorld/_Generated_/2FJOUB50GBIAHQ5DORBAIMR4Z.umap" 960
"../../../Engine/Content/Maps/Templates/OpenWorld/_Generated_/DKN8FLVQNAOGW8VWOF6DFB8F7.uexp" 961
"../../../Engine/Content/Maps/Templates/OpenWorld/_Generated_/DKN8FLVQNAOGW8VWOF6DFB8F7.ubulk" 962
"../../../Engine/Content/Maps/Templates/OpenWorld/_Generated_/DKN8FLVQNAOGW8VWOF6DFB8F7.umap" 963
"../../../Engine/Content/Maps/Templates/OpenWorld/_Generated_/9CJMRZ3WTHCZ2FTTGWGSTSBYI.uexp" 964
"../../../Engine/Content/Maps/Templates/OpenWorld/_Generated_/9CJMRZ3WTHCZ2FTTGWGSTSBYI.ubulk" 965
"../../../Engine/Content/Maps/Templates/OpenWorld/_Generated_/9CJMRZ3WTHCZ2FTTGWGSTSBYI.umap" 966
"../../../Engine/Content/Maps/Templates/OpenWorld/_Generated_/9U2GPCOG9OELA0I561KACI92H.uexp" 967
"../../../Engine/Content/Maps/Templates/OpenWorld/_Generated_/9U2GPCOG9OELA0I561KACI92H.ubulk" 968
"../../../Engine/Content/Maps/Templates/OpenWorld/_Generated_/9U2GPCOG9OELA0I561KACI92H.umap" 969
"../../../Engine/Content/Maps/Templates/OpenWorld/_Generated_/DP961RENIA8UQWHJF43LS78YG.uexp" 970
"../../../Engine/Content/Maps/Templates/OpenWorld/_Generated_/DP961RENIA8UQWHJF43LS78YG.ubulk" 971
"../../../Engine/Content/Maps/Templates/OpenWorld/_Generated_/DP961RENIA8UQWHJF43LS78YG.umap" 972
"../../../Engine/Content/Maps/Templates/OpenWorld/_Generated_/2DHRS7J5NZMGVG0M9TZ784H5S.uexp" 973
"../../../Engine/Content/Maps/Templates/OpenWorld/_Generated_/2DHRS7J5NZMGVG0M9TZ784H5S.ubulk" 974
"../../../Engine/Content/Maps/Templates/OpenWorld/_Generated_/2DHRS7J5NZMGVG0M9TZ784H5S.umap" 975
"../../../Engine/Content/Maps/Templates/OpenWorld/_Generated_/4YEGOFLNF8OE9AA6FV8E4PTYX.uexp" 976
"../../../Engine/Content/Maps/Templates/OpenWorld/_Generated_/4YEGOFLNF8OE9AA6FV8E4PTYX.ubulk" 977
"../../../Engine/Content/Maps/Templates/OpenWorld/_Generated_/4YEGOFLNF8OE9AA6FV8E4PTYX.umap" 978
"../../../Engine/Content/Maps/Templates/OpenWorld/_Generated_/7V2I7GI0EYBUC832DOIPWKA2A.uexp" 979
"../../../Engine/Content/Maps/Templates/OpenWorld/_Generated_/7V2I7GI0EYBUC832DOIPWKA2A.ubulk" 980
"../../../Engine/Content/Maps/Templates/OpenWorld/_Generated_/7V2I7GI0EYBUC832DOIPWKA2A.umap" 981
"../../../Engine/Content/Maps/Templates/OpenWorld/_Generated_/8WDYS8GYI2DG2H3P3VADEQGD6.uexp" 982
"../../../Engine/Content/Maps/Templates/OpenWorld/_Generated_/8WDYS8GYI2DG2H3P3VADEQGD6.ubulk" 983
"../../../Engine/Content/Maps/Templates/OpenWorld/_Generated_/8WDYS8GYI2DG2H3P3VADEQGD6.umap" 984
